2016-07-11T14:01:58+00:00 ERR (3): 
exception 'Mage_Core_Exception' with message 'Tipo de bloco inválido: Mage_Catalog_Block_Product_Slide' in C:\wamp\www\loja\app\Mage.php:595
Stack trace:
#0 C:\wamp\www\loja\app\code\core\Mage\Core\Model\Layout.php(495): Mage::throwException('Tipo de bloco i...')
#1 C:\wamp\www\loja\app\code\core\Mage\Core\Model\Layout.php(437): Mage_Core_Model_Layout->_getBlockInstance('catalog/product...', Array)
#2 C:\wamp\www\loja\app\code\core\Mage\Core\Model\Layout.php(472): Mage_Core_Model_Layout->createBlock('catalog/product...', 'product_special')
#3 C:\wamp\www\loja\app\code\core\Mage\Core\Model\Layout.php(239): Mage_Core_Model_Layout->addBlock('catalog/product...', 'product_special')
#4 C:\wamp\www\loja\app\code\core\Mage\Core\Model\Layout.php(205): Mage_Core_Model_Layout->_generateBlock(Object(Mage_Core_Model_Layout_Element), Object(Mage_Core_Model_Layout_Element))
#5 C:\wamp\www\loja\app\code\core\Mage\Core\Model\Layout.php(210): Mage_Core_Model_Layout->generateBlocks(Object(Mage_Core_Model_Layout_Element))
#6 C:\wamp\www\loja\app\code\core\Mage\Core\Controller\Varien\Action.php(344): Mage_Core_Model_Layout->generateBlocks()
#7 C:\wamp\www\loja\app\code\core\Mage\Cms\Helper\Page.php(113): Mage_Core_Controller_Varien_Action->generateLayoutBlocks()
#8 C:\wamp\www\loja\app\code\core\Mage\Cms\Helper\Page.php(52): Mage_Cms_Helper_Page->_renderPage(Object(Mage_Cms_IndexController), 'home')
#9 C:\wamp\www\loja\app\code\core\Mage\Cms\controllers\IndexController.php(45): Mage_Cms_Helper_Page->renderPage(Object(Mage_Cms_IndexController), 'home')
#10 C:\wamp\www\loja\app\code\core\Mage\Core\Controller\Varien\Action.php(418): Mage_Cms_IndexController->indexAction()
#11 C:\wamp\www\loja\app\code\core\Mage\Core\Controller\Varien\Router\Standard.php(254): Mage_Core_Controller_Varien_Action->dispatch('index')
#12 C:\wamp\www\loja\app\code\core\Mage\Core\Controller\Varien\Front.php(172): Mage_Core_Controller_Varien_Router_Standard->match(Object(Mage_Core_Controller_Request_Http))
#13 C:\wamp\www\loja\app\code\core\Mage\Core\Model\App.php(365): Mage_Core_Controller_Varien_Front->dispatch()
#14 C:\wamp\www\loja\app\Mage.php(684): Mage_Core_Model_App->run(Array)
#15 C:\wamp\www\loja\index.php(83): Mage::run('', 'store')
#16 {main}
