2016-07-05T20:40:30+00:00 ERR (3): Notice: Undefined variable: tab  in C:\wamp\www\loja\app\design\frontend\default\blanco\template\catalog\product\view\tabs.phtml on line 8
2016-07-05T20:40:31+00:00 ERR (3): Notice: Undefined variable: last  in C:\wamp\www\loja\app\design\frontend\default\blanco\template\catalog\product\view\tabs.phtml on line 13
2016-07-05T20:45:05+00:00 ERR (3): Notice: Undefined index: isAjax  in C:\wamp\www\loja\app\design\frontend\default\blanco\template\checkout\cart\sidebar\default.phtml on line 15
2016-07-05T20:45:05+00:00 ERR (3): Notice: Undefined variable: tab  in C:\wamp\www\loja\app\design\frontend\default\blanco\template\catalog\product\view\tabs.phtml on line 8
2016-07-05T20:45:05+00:00 ERR (3): Notice: Undefined variable: last  in C:\wamp\www\loja\app\design\frontend\default\blanco\template\catalog\product\view\tabs.phtml on line 13
2016-07-05T21:18:17+00:00 ERR (3): Notice: Undefined index: isAjax  in C:\wamp\www\loja\app\design\frontend\default\blanco\template\checkout\cart\sidebar\default.phtml on line 15
2016-07-05T21:19:56+00:00 ERR (3): Notice: Undefined index: isAjax  in C:\wamp\www\loja\app\design\frontend\default\blanco\template\checkout\cart\sidebar\default.phtml on line 15
2016-07-05T21:20:37+00:00 ERR (3): Notice: Undefined index: isAjax  in C:\wamp\www\loja\app\design\frontend\default\blanco\template\checkout\cart\sidebar\default.phtml on line 15
2016-07-05T21:21:00+00:00 ERR (3): Notice: Undefined index: isAjax  in C:\wamp\www\loja\app\design\frontend\default\blanco\template\checkout\cart\sidebar\default.phtml on line 15
2016-07-05T21:21:27+00:00 ERR (3): Notice: Undefined index: isAjax  in C:\wamp\www\loja\app\design\frontend\default\blanco\template\checkout\cart\sidebar\default.phtml on line 15
2016-07-05T21:21:54+00:00 ERR (3): Notice: Undefined index: isAjax  in C:\wamp\www\loja\app\design\frontend\default\blanco\template\checkout\cart\sidebar\default.phtml on line 15
2016-07-05T21:22:48+00:00 ERR (3): Notice: Undefined index: isAjax  in C:\wamp\www\loja\app\design\frontend\default\blanco\template\checkout\cart\sidebar\default.phtml on line 15
2016-07-05T21:28:58+00:00 ERR (3): Notice: Undefined index: isAjax  in C:\wamp\www\loja\app\design\frontend\default\blanco\template\checkout\cart\sidebar\default.phtml on line 15
2016-07-05T21:32:28+00:00 ERR (3): Notice: Undefined index: isAjax  in C:\wamp\www\loja\app\design\frontend\default\blanco\template\checkout\cart\sidebar\default.phtml on line 15
2016-07-05T21:32:55+00:00 ERR (3): Notice: Undefined index: isAjax  in C:\wamp\www\loja\app\design\frontend\default\blanco\template\checkout\cart\sidebar\default.phtml on line 15
2016-07-05T21:33:01+00:00 ERR (3): Notice: Undefined index: isAjax  in C:\wamp\www\loja\app\design\frontend\default\blanco\template\checkout\cart\sidebar\default.phtml on line 15
2016-07-05T21:38:32+00:00 ERR (3): Notice: Undefined index: isAjax  in C:\wamp\www\loja\app\design\frontend\default\blanco\template\checkout\cart\sidebar\default.phtml on line 15
2016-07-05T21:39:46+00:00 ERR (3): Notice: Undefined index: isAjax  in C:\wamp\www\loja\app\design\frontend\default\blanco\template\checkout\cart\sidebar\default.phtml on line 15
2016-07-05T21:42:31+00:00 ERR (3): Notice: Undefined index: isAjax  in C:\wamp\www\loja\app\design\frontend\default\blanco\template\checkout\cart\sidebar\default.phtml on line 15
2016-07-05T21:43:42+00:00 ERR (3): Notice: Undefined index: isAjax  in C:\wamp\www\loja\app\design\frontend\default\blanco\template\checkout\cart\sidebar\default.phtml on line 15
2016-07-05T21:45:07+00:00 ERR (3): Notice: Undefined index: isAjax  in C:\wamp\www\loja\app\design\frontend\default\blanco\template\checkout\cart\sidebar\default.phtml on line 15
2016-07-05T21:47:12+00:00 ERR (3): Notice: Undefined index: isAjax  in C:\wamp\www\loja\app\design\frontend\default\blanco\template\checkout\cart\sidebar\default.phtml on line 15
2016-07-05T22:09:06+00:00 ERR (3): Notice: Undefined index: isAjax  in C:\wamp\www\loja\app\design\frontend\default\blanco\template\checkout\cart\sidebar\default.phtml on line 15
2016-07-05T22:09:11+00:00 ERR (3): Notice: Undefined index: isAjax  in C:\wamp\www\loja\app\design\frontend\default\blanco\template\checkout\cart\sidebar\default.phtml on line 15
2016-07-05T22:09:12+00:00 ERR (3): Notice: Undefined variable: tab  in C:\wamp\www\loja\app\design\frontend\default\blanco\template\catalog\product\view\tabs.phtml on line 8
2016-07-05T22:09:12+00:00 ERR (3): Notice: Undefined variable: last  in C:\wamp\www\loja\app\design\frontend\default\blanco\template\catalog\product\view\tabs.phtml on line 13
2016-07-05T22:09:31+00:00 ERR (3): Notice: Undefined index: isAjax  in C:\wamp\www\loja\app\design\frontend\default\blanco\template\checkout\cart\sidebar\default.phtml on line 15
2016-07-05T22:09:31+00:00 ERR (3): Notice: Undefined variable: tab  in C:\wamp\www\loja\app\design\frontend\default\blanco\template\catalog\product\view\tabs.phtml on line 8
2016-07-05T22:09:32+00:00 ERR (3): Notice: Undefined variable: last  in C:\wamp\www\loja\app\design\frontend\default\blanco\template\catalog\product\view\tabs.phtml on line 13
2016-07-05T22:13:44+00:00 ERR (3): Notice: Undefined index: isAjax  in C:\wamp\www\loja\app\design\frontend\default\blanco\template\checkout\cart\sidebar\default.phtml on line 15
2016-07-05T22:13:44+00:00 ERR (3): Notice: Undefined variable: tab  in C:\wamp\www\loja\app\design\frontend\default\blanco\template\catalog\product\view\tabs.phtml on line 8
2016-07-05T22:13:44+00:00 ERR (3): Notice: Undefined variable: last  in C:\wamp\www\loja\app\design\frontend\default\blanco\template\catalog\product\view\tabs.phtml on line 13
2016-07-05T22:13:58+00:00 ERR (3): Notice: Undefined index: isAjax  in C:\wamp\www\loja\app\design\frontend\default\blanco\template\checkout\cart\sidebar\default.phtml on line 15
2016-07-05T22:13:59+00:00 ERR (3): Notice: Undefined variable: tab  in C:\wamp\www\loja\app\design\frontend\default\blanco\template\catalog\product\view\tabs.phtml on line 8
2016-07-05T22:14:00+00:00 ERR (3): Notice: Undefined variable: last  in C:\wamp\www\loja\app\design\frontend\default\blanco\template\catalog\product\view\tabs.phtml on line 13
2016-07-05T22:14:29+00:00 ERR (3): Notice: Undefined index: isAjax  in C:\wamp\www\loja\app\design\frontend\default\blanco\template\checkout\cart\sidebar\default.phtml on line 15
2016-07-05T22:14:29+00:00 ERR (3): Notice: Undefined variable: tab  in C:\wamp\www\loja\app\design\frontend\default\blanco\template\catalog\product\view\tabs.phtml on line 8
2016-07-05T22:14:30+00:00 ERR (3): Notice: Undefined variable: last  in C:\wamp\www\loja\app\design\frontend\default\blanco\template\catalog\product\view\tabs.phtml on line 13
2016-07-05T22:15:01+00:00 ERR (3): Notice: Undefined index: isAjax  in C:\wamp\www\loja\app\design\frontend\default\blanco\template\checkout\cart\sidebar\default.phtml on line 15
2016-07-05T22:15:02+00:00 ERR (3): Notice: Undefined variable: tab  in C:\wamp\www\loja\app\design\frontend\default\blanco\template\catalog\product\view\tabs.phtml on line 8
2016-07-05T22:15:04+00:00 ERR (3): Notice: Undefined variable: last  in C:\wamp\www\loja\app\design\frontend\default\blanco\template\catalog\product\view\tabs.phtml on line 13
2016-07-05T22:18:48+00:00 ERR (3): Notice: Undefined index: isAjax  in C:\wamp\www\loja\app\design\frontend\default\blanco\template\checkout\cart\sidebar\default.phtml on line 15
2016-07-05T22:18:49+00:00 ERR (3): Notice: Undefined variable: tab  in C:\wamp\www\loja\app\design\frontend\default\blanco\template\catalog\product\view\tabs.phtml on line 8
2016-07-05T22:18:50+00:00 ERR (3): Notice: Undefined variable: last  in C:\wamp\www\loja\app\design\frontend\default\blanco\template\catalog\product\view\tabs.phtml on line 13
2016-07-05T22:18:51+00:00 ERR (3): Notice: Undefined index: isAjax  in C:\wamp\www\loja\app\design\frontend\default\blanco\template\checkout\cart\sidebar\default.phtml on line 15
2016-07-05T22:23:46+00:00 ERR (3): Notice: Undefined index: isAjax  in C:\wamp\www\loja\app\design\frontend\default\blanco\template\checkout\cart\sidebar\default.phtml on line 15
2016-07-05T22:23:47+00:00 ERR (3): Notice: Undefined variable: tab  in C:\wamp\www\loja\app\design\frontend\default\blanco\template\catalog\product\view\tabs.phtml on line 8
2016-07-05T22:23:47+00:00 ERR (3): Notice: Undefined variable: last  in C:\wamp\www\loja\app\design\frontend\default\blanco\template\catalog\product\view\tabs.phtml on line 13
2016-07-05T22:35:07+00:00 ERR (3): Notice: Undefined index: isAjax  in C:\wamp\www\loja\app\design\frontend\default\blanco\template\checkout\cart\sidebar\default.phtml on line 15
2016-07-05T22:35:08+00:00 ERR (3): Notice: Undefined variable: tab  in C:\wamp\www\loja\app\design\frontend\default\blanco\template\catalog\product\view\tabs.phtml on line 8
2016-07-05T22:35:08+00:00 ERR (3): Notice: Undefined variable: last  in C:\wamp\www\loja\app\design\frontend\default\blanco\template\catalog\product\view\tabs.phtml on line 13
2016-07-05T22:36:35+00:00 ERR (3): Notice: Undefined index: isAjax  in C:\wamp\www\loja\app\design\frontend\default\blanco\template\checkout\cart\sidebar\default.phtml on line 15
2016-07-05T22:36:35+00:00 ERR (3): Notice: Undefined variable: tab  in C:\wamp\www\loja\app\design\frontend\default\blanco\template\catalog\product\view\tabs.phtml on line 8
2016-07-05T22:36:36+00:00 ERR (3): Notice: Undefined variable: last  in C:\wamp\www\loja\app\design\frontend\default\blanco\template\catalog\product\view\tabs.phtml on line 13
2016-07-05T22:36:48+00:00 ERR (3): Notice: Undefined index: isAjax  in C:\wamp\www\loja\app\design\frontend\default\blanco\template\checkout\cart\sidebar\default.phtml on line 15
2016-07-05T22:36:49+00:00 ERR (3): Notice: Undefined variable: tab  in C:\wamp\www\loja\app\design\frontend\default\blanco\template\catalog\product\view\tabs.phtml on line 8
2016-07-05T22:36:50+00:00 ERR (3): Notice: Undefined variable: last  in C:\wamp\www\loja\app\design\frontend\default\blanco\template\catalog\product\view\tabs.phtml on line 13
2016-07-05T22:37:40+00:00 ERR (3): Notice: Undefined index: isAjax  in C:\wamp\www\loja\app\design\frontend\default\blanco\template\checkout\cart\sidebar\default.phtml on line 15
2016-07-05T22:37:41+00:00 ERR (3): Notice: Undefined variable: tab  in C:\wamp\www\loja\app\design\frontend\default\blanco\template\catalog\product\view\tabs.phtml on line 8
2016-07-05T22:37:41+00:00 ERR (3): Notice: Undefined variable: last  in C:\wamp\www\loja\app\design\frontend\default\blanco\template\catalog\product\view\tabs.phtml on line 13
2016-07-05T22:38:21+00:00 ERR (3): Notice: Undefined index: isAjax  in C:\wamp\www\loja\app\design\frontend\default\blanco\template\checkout\cart\sidebar\default.phtml on line 15
2016-07-05T22:38:21+00:00 ERR (3): Notice: Undefined variable: tab  in C:\wamp\www\loja\app\design\frontend\default\blanco\template\catalog\product\view\tabs.phtml on line 8
2016-07-05T22:38:22+00:00 ERR (3): Notice: Undefined variable: last  in C:\wamp\www\loja\app\design\frontend\default\blanco\template\catalog\product\view\tabs.phtml on line 13
2016-07-05T22:39:58+00:00 ERR (3): Notice: Undefined index: isAjax  in C:\wamp\www\loja\app\design\frontend\default\blanco\template\checkout\cart\sidebar\default.phtml on line 15
2016-07-05T22:39:59+00:00 ERR (3): Notice: Undefined variable: tab  in C:\wamp\www\loja\app\design\frontend\default\blanco\template\catalog\product\view\tabs.phtml on line 8
2016-07-05T22:40:00+00:00 ERR (3): Notice: Undefined variable: last  in C:\wamp\www\loja\app\design\frontend\default\blanco\template\catalog\product\view\tabs.phtml on line 13
2016-07-06T21:40:46+00:00 DEBUG (7): HEADERS ALREADY SENT: <pre>[0] C:\wamp\www\loja\app\code\core\Mage\Core\Controller\Response\Http.php:52
[1] C:\wamp\www\loja\lib\Zend\Controller\Response\Abstract.php:768
[2] C:\wamp\www\loja\app\code\core\Mage\Core\Controller\Response\Http.php:84
[3] C:\wamp\www\loja\app\code\core\Mage\Core\Controller\Varien\Front.php:184
[4] C:\wamp\www\loja\app\code\core\Mage\Core\Model\App.php:365
[5] C:\wamp\www\loja\app\Mage.php:684
[6] C:\wamp\www\loja\index.php:83
</pre>
2016-07-06T21:40:47+00:00 DEBUG (7): HEADERS ALREADY SENT: <pre>[0] C:\wamp\www\loja\app\code\core\Mage\Core\Controller\Response\Http.php:52
[1] C:\wamp\www\loja\lib\Zend\Controller\Response\Abstract.php:768
[2] C:\wamp\www\loja\app\code\core\Mage\Core\Controller\Response\Http.php:84
[3] C:\wamp\www\loja\app\code\core\Mage\Core\Controller\Varien\Front.php:184
[4] C:\wamp\www\loja\app\code\core\Mage\Core\Model\App.php:365
[5] C:\wamp\www\loja\app\Mage.php:684
[6] C:\wamp\www\loja\index.php:83
</pre>
2016-07-06T21:41:20+00:00 DEBUG (7): HEADERS ALREADY SENT: <pre>[0] C:\wamp\www\loja\app\code\core\Mage\Core\Controller\Response\Http.php:52
[1] C:\wamp\www\loja\lib\Zend\Controller\Response\Abstract.php:768
[2] C:\wamp\www\loja\app\code\core\Mage\Core\Controller\Response\Http.php:84
[3] C:\wamp\www\loja\app\code\core\Mage\Core\Controller\Varien\Front.php:184
[4] C:\wamp\www\loja\app\code\core\Mage\Core\Model\App.php:365
[5] C:\wamp\www\loja\app\Mage.php:684
[6] C:\wamp\www\loja\index.php:83
</pre>
2016-07-06T21:41:21+00:00 DEBUG (7): HEADERS ALREADY SENT: <pre>[0] C:\wamp\www\loja\app\code\core\Mage\Core\Controller\Response\Http.php:52
[1] C:\wamp\www\loja\lib\Zend\Controller\Response\Abstract.php:768
[2] C:\wamp\www\loja\app\code\core\Mage\Core\Controller\Response\Http.php:84
[3] C:\wamp\www\loja\app\code\core\Mage\Core\Controller\Varien\Front.php:184
[4] C:\wamp\www\loja\app\code\core\Mage\Core\Model\App.php:365
[5] C:\wamp\www\loja\app\Mage.php:684
[6] C:\wamp\www\loja\index.php:83
</pre>
2016-07-06T21:41:22+00:00 DEBUG (7): HEADERS ALREADY SENT: <pre>[0] C:\wamp\www\loja\app\code\core\Mage\Core\Controller\Response\Http.php:52
[1] C:\wamp\www\loja\lib\Zend\Controller\Response\Abstract.php:768
[2] C:\wamp\www\loja\app\code\core\Mage\Core\Controller\Response\Http.php:84
[3] C:\wamp\www\loja\app\code\core\Mage\Core\Controller\Varien\Front.php:184
[4] C:\wamp\www\loja\app\code\core\Mage\Core\Model\App.php:365
[5] C:\wamp\www\loja\app\Mage.php:684
[6] C:\wamp\www\loja\index.php:83
</pre>
2016-07-06T21:41:23+00:00 DEBUG (7): HEADERS ALREADY SENT: <pre>[0] C:\wamp\www\loja\app\code\core\Mage\Core\Controller\Response\Http.php:52
[1] C:\wamp\www\loja\lib\Zend\Controller\Response\Abstract.php:768
[2] C:\wamp\www\loja\app\code\core\Mage\Core\Controller\Response\Http.php:84
[3] C:\wamp\www\loja\app\code\core\Mage\Core\Controller\Varien\Front.php:184
[4] C:\wamp\www\loja\app\code\core\Mage\Core\Model\App.php:365
[5] C:\wamp\www\loja\app\Mage.php:684
[6] C:\wamp\www\loja\index.php:83
</pre>
2016-07-06T21:41:27+00:00 DEBUG (7): HEADERS ALREADY SENT: <pre>[0] C:\wamp\www\loja\app\code\core\Mage\Core\Controller\Response\Http.php:52
[1] C:\wamp\www\loja\lib\Zend\Controller\Response\Abstract.php:768
[2] C:\wamp\www\loja\app\code\core\Mage\Core\Controller\Response\Http.php:84
[3] C:\wamp\www\loja\app\code\core\Mage\Core\Controller\Varien\Front.php:184
[4] C:\wamp\www\loja\app\code\core\Mage\Core\Model\App.php:365
[5] C:\wamp\www\loja\app\Mage.php:684
[6] C:\wamp\www\loja\index.php:83
</pre>
2016-07-06T21:41:28+00:00 DEBUG (7): HEADERS ALREADY SENT: <pre>[0] C:\wamp\www\loja\app\code\core\Mage\Core\Controller\Response\Http.php:52
[1] C:\wamp\www\loja\lib\Zend\Controller\Response\Abstract.php:768
[2] C:\wamp\www\loja\app\code\core\Mage\Core\Controller\Response\Http.php:84
[3] C:\wamp\www\loja\app\code\core\Mage\Core\Controller\Varien\Front.php:184
[4] C:\wamp\www\loja\app\code\core\Mage\Core\Model\App.php:365
[5] C:\wamp\www\loja\app\Mage.php:684
[6] C:\wamp\www\loja\index.php:83
</pre>
2016-07-06T21:41:28+00:00 DEBUG (7): HEADERS ALREADY SENT: <pre>[0] C:\wamp\www\loja\app\code\core\Mage\Core\Controller\Response\Http.php:52
[1] C:\wamp\www\loja\lib\Zend\Controller\Response\Abstract.php:768
[2] C:\wamp\www\loja\app\code\core\Mage\Core\Controller\Response\Http.php:84
[3] C:\wamp\www\loja\app\code\core\Mage\Core\Controller\Varien\Front.php:184
[4] C:\wamp\www\loja\app\code\core\Mage\Core\Model\App.php:365
[5] C:\wamp\www\loja\app\Mage.php:684
[6] C:\wamp\www\loja\index.php:83
</pre>
2016-07-06T21:41:44+00:00 DEBUG (7): Security problem: catalog/product_special has not been whitelisted.
2016-07-06T21:42:40+00:00 DEBUG (7): HEADERS ALREADY SENT: <pre>[0] C:\wamp\www\loja\app\code\core\Mage\Core\Controller\Response\Http.php:52
[1] C:\wamp\www\loja\lib\Zend\Controller\Response\Abstract.php:768
[2] C:\wamp\www\loja\app\code\core\Mage\Core\Controller\Response\Http.php:84
[3] C:\wamp\www\loja\app\code\core\Mage\Core\Controller\Varien\Front.php:184
[4] C:\wamp\www\loja\app\code\core\Mage\Core\Model\App.php:365
[5] C:\wamp\www\loja\app\Mage.php:684
[6] C:\wamp\www\loja\index.php:83
</pre>
2016-07-06T21:42:43+00:00 DEBUG (7): HEADERS ALREADY SENT: <pre>[0] C:\wamp\www\loja\app\code\core\Mage\Core\Controller\Response\Http.php:52
[1] C:\wamp\www\loja\lib\Zend\Controller\Response\Abstract.php:768
[2] C:\wamp\www\loja\app\code\core\Mage\Core\Controller\Response\Http.php:84
[3] C:\wamp\www\loja\app\code\core\Mage\Core\Controller\Varien\Front.php:184
[4] C:\wamp\www\loja\app\code\core\Mage\Core\Model\App.php:365
[5] C:\wamp\www\loja\app\Mage.php:684
[6] C:\wamp\www\loja\index.php:83
</pre>
2016-07-06T21:42:45+00:00 DEBUG (7): HEADERS ALREADY SENT: <pre>[0] C:\wamp\www\loja\app\code\core\Mage\Core\Controller\Response\Http.php:52
[1] C:\wamp\www\loja\lib\Zend\Controller\Response\Abstract.php:768
[2] C:\wamp\www\loja\app\code\core\Mage\Core\Controller\Response\Http.php:84
[3] C:\wamp\www\loja\app\code\core\Mage\Core\Controller\Varien\Front.php:184
[4] C:\wamp\www\loja\app\code\core\Mage\Core\Model\App.php:365
[5] C:\wamp\www\loja\app\Mage.php:684
[6] C:\wamp\www\loja\index.php:83
</pre>
2016-07-06T21:42:47+00:00 DEBUG (7): HEADERS ALREADY SENT: <pre>[0] C:\wamp\www\loja\app\code\core\Mage\Core\Controller\Response\Http.php:52
[1] C:\wamp\www\loja\lib\Zend\Controller\Response\Abstract.php:768
[2] C:\wamp\www\loja\app\code\core\Mage\Core\Controller\Response\Http.php:84
[3] C:\wamp\www\loja\app\code\core\Mage\Core\Controller\Varien\Front.php:184
[4] C:\wamp\www\loja\app\code\core\Mage\Core\Model\App.php:365
[5] C:\wamp\www\loja\app\Mage.php:684
[6] C:\wamp\www\loja\index.php:83
</pre>
2016-07-06T21:42:52+00:00 DEBUG (7): HEADERS ALREADY SENT: <pre>[0] C:\wamp\www\loja\app\code\core\Mage\Core\Controller\Response\Http.php:52
[1] C:\wamp\www\loja\lib\Zend\Controller\Response\Abstract.php:768
[2] C:\wamp\www\loja\app\code\core\Mage\Core\Controller\Response\Http.php:84
[3] C:\wamp\www\loja\app\code\core\Mage\Core\Controller\Varien\Front.php:184
[4] C:\wamp\www\loja\app\code\core\Mage\Core\Model\App.php:365
[5] C:\wamp\www\loja\app\Mage.php:684
[6] C:\wamp\www\loja\index.php:83
</pre>
2016-07-06T21:47:41+00:00 DEBUG (7): Security problem: catalog/product_special has not been whitelisted.
2016-07-06T21:48:43+00:00 DEBUG (7): Security problem: catalog/product_special has not been whitelisted.
2016-07-06T21:56:09+00:00 DEBUG (7): Security problem: catalog/product_special has not been whitelisted.
2016-07-06T21:56:19+00:00 DEBUG (7): Security problem: catalog/product_special has not been whitelisted.
2016-07-06T21:57:00+00:00 DEBUG (7): Security problem: catalog/product_special has not been whitelisted.
2016-07-06T21:58:06+00:00 DEBUG (7): Security problem: catalog/product_special has not been whitelisted.
2016-07-06T21:58:27+00:00 DEBUG (7): Security problem: catalog/product_special has not been whitelisted.
2016-07-06T22:01:37+00:00 DEBUG (7): Security problem: catalog/product_special has not been whitelisted.
2016-07-06T22:02:00+00:00 DEBUG (7): Security problem: catalog/product_special has not been whitelisted.
2016-07-06T22:02:23+00:00 DEBUG (7): Security problem: catalog/product_special has not been whitelisted.
2016-07-06T22:02:40+00:00 DEBUG (7): Security problem: catalog/product_special has not been whitelisted.
2016-07-06T22:03:43+00:00 DEBUG (7): Security problem: catalog/product_special has not been whitelisted.
2016-07-06T22:04:31+00:00 DEBUG (7): Security problem: catalog/product_special has not been whitelisted.
2016-07-06T22:28:27+00:00 CRIT (2): Not valid template file:frontend\base\default\template\configurableswatches/catalog/layer/filter/swatches.phtml
2016-07-06T22:28:34+00:00 ERR (3): Notice: Undefined variable: tab  in C:\wamp\www\loja\app\design\frontend\default\blanco\template\catalog\product\view\tabs.phtml on line 8
2016-07-06T22:28:36+00:00 ERR (3): Notice: Undefined variable: last  in C:\wamp\www\loja\app\design\frontend\default\blanco\template\catalog\product\view\tabs.phtml on line 13
2016-07-06T22:29:31+00:00 DEBUG (7): HEADERS ALREADY SENT: <pre>[0] C:\wamp\www\loja\app\code\core\Mage\Core\Controller\Response\Http.php:52
[1] C:\wamp\www\loja\lib\Zend\Controller\Response\Abstract.php:768
[2] C:\wamp\www\loja\app\code\core\Mage\Core\Controller\Response\Http.php:84
[3] C:\wamp\www\loja\app\code\core\Mage\Core\Controller\Varien\Front.php:184
[4] C:\wamp\www\loja\app\code\core\Mage\Core\Model\App.php:365
[5] C:\wamp\www\loja\app\Mage.php:684
[6] C:\wamp\www\loja\index.php:83
</pre>
2016-07-06T22:29:59+00:00 ERR (3): Notice: Undefined variable: tab  in C:\wamp\www\loja\app\design\frontend\default\blanco\template\catalog\product\view\tabs.phtml on line 8
2016-07-06T22:30:00+00:00 ERR (3): Notice: Undefined variable: last  in C:\wamp\www\loja\app\design\frontend\default\blanco\template\catalog\product\view\tabs.phtml on line 13
2016-07-06T22:49:30+00:00 DEBUG (7): Security problem: catalog/product_special has not been whitelisted.
2016-07-06T22:56:41+00:00 CRIT (2): Not valid template file:frontend\base\default\template\configurableswatches/catalog/layer/filter/swatches.phtml
2016-07-06T23:02:28+00:00 CRIT (2): Not valid template file:frontend\base\default\template\configurableswatches/catalog/layer/filter/swatches.phtml
2016-07-07T00:03:15+00:00 DEBUG (7): Security problem: catalog/product_special has not been whitelisted.
2016-07-07T00:04:44+00:00 CRIT (2): Not valid template file:frontend\base\default\template\configurableswatches/catalog/layer/filter/swatches.phtml
2016-07-07T01:00:05+00:00 ERR (3): Notice: Undefined variable: tab  in C:\wamp\www\loja\app\design\frontend\default\blanco\template\catalog\product\view\tabs.phtml on line 8
2016-07-08T13:48:09+00:00 DEBUG (7): Security problem: catalog/product_special has not been whitelisted.
2016-07-08T13:52:26+00:00 DEBUG (7): Security problem: catalog/product_special has not been whitelisted.
2016-07-08T14:07:39+00:00 DEBUG (7): Security problem: catalog/product_special has not been whitelisted.
2016-07-08T14:08:51+00:00 DEBUG (7): Security problem: catalog/product_special has not been whitelisted.
2016-07-08T14:13:43+00:00 DEBUG (7): Security problem: catalog/product_special has not been whitelisted.
2016-07-08T14:20:53+00:00 DEBUG (7): Security problem: catalog/product_special has not been whitelisted.
2016-07-08T14:21:31+00:00 CRIT (2): Not valid template file:frontend\base\default\template\configurableswatches/catalog/layer/filter/swatches.phtml
2016-07-08T14:24:46+00:00 CRIT (2): Not valid template file:frontend\base\default\template\configurableswatches/catalog/layer/filter/swatches.phtml
2016-07-08T14:28:57+00:00 DEBUG (7): Security problem: catalog/product_special has not been whitelisted.
2016-07-08T14:29:29+00:00 CRIT (2): Not valid template file:frontend\base\default\template\configurableswatches/catalog/layer/filter/swatches.phtml
2016-07-08T14:29:47+00:00 CRIT (2): Not valid template file:frontend\base\default\template\configurableswatches/catalog/layer/filter/swatches.phtml
2016-07-08T14:35:12+00:00 CRIT (2): Not valid template file:frontend\base\default\template\configurableswatches/catalog/layer/filter/swatches.phtml
2016-07-08T15:21:16+00:00 ERR (3): Notice: Undefined variable: tab  in C:\wamp\www\loja\app\design\frontend\default\blanco\template\catalog\product\view\tabs.phtml on line 8
2016-07-08T15:22:29+00:00 ERR (3): Notice: Undefined variable: tab  in C:\wamp\www\loja\app\design\frontend\default\blanco\template\catalog\product\view\tabs.phtml on line 8
2016-07-08T15:22:35+00:00 CRIT (2): Not valid template file:frontend\base\default\template\configurableswatches/catalog/layer/filter/swatches.phtml
2016-07-08T15:23:02+00:00 CRIT (2): Not valid template file:frontend\base\default\template\configurableswatches/catalog/layer/filter/swatches.phtml
2016-07-08T15:23:10+00:00 CRIT (2): Not valid template file:frontend\base\default\template\configurableswatches/catalog/layer/filter/swatches.phtml
2016-07-08T15:23:15+00:00 CRIT (2): Not valid template file:frontend\base\default\template\configurableswatches/catalog/layer/filter/swatches.phtml
2016-07-08T15:24:23+00:00 CRIT (2): Not valid template file:frontend\base\default\template\configurableswatches/catalog/layer/filter/swatches.phtml
2016-07-08T15:24:31+00:00 DEBUG (7): Security problem: catalog/product_special has not been whitelisted.
2016-07-08T15:25:15+00:00 DEBUG (7): Security problem: catalog/product_special has not been whitelisted.
2016-07-08T15:25:28+00:00 DEBUG (7): Security problem: catalog/product_special has not been whitelisted.
2016-07-08T15:26:02+00:00 DEBUG (7): Security problem: catalog/product_special has not been whitelisted.
2016-07-08T15:26:49+00:00 DEBUG (7): Security problem: catalog/product_special has not been whitelisted.
2016-07-08T15:27:00+00:00 DEBUG (7): Security problem: catalog/product_special has not been whitelisted.
2016-07-08T15:27:29+00:00 DEBUG (7): Security problem: catalog/product_special has not been whitelisted.
2016-07-08T15:28:45+00:00 CRIT (2): Not valid template file:frontend\base\default\template\configurableswatches/catalog/layer/filter/swatches.phtml
2016-07-08T15:30:00+00:00 DEBUG (7): Security problem: catalog/product_special has not been whitelisted.
2016-07-08T16:33:07+00:00 CRIT (2): Not valid template file:frontend\base\default\template\configurableswatches/catalog/layer/filter/swatches.phtml
2016-07-08T16:33:14+00:00 DEBUG (7): Security problem: catalog/product_special has not been whitelisted.
2016-07-08T16:35:51+00:00 DEBUG (7): HEADERS ALREADY SENT: <pre>[0] C:\wamp\www\loja\app\code\core\Mage\Core\Controller\Response\Http.php:52
[1] C:\wamp\www\loja\lib\Zend\Controller\Response\Abstract.php:768
[2] C:\wamp\www\loja\app\code\core\Mage\Core\Controller\Response\Http.php:84
[3] C:\wamp\www\loja\app\code\core\Mage\Core\Controller\Varien\Front.php:184
[4] C:\wamp\www\loja\app\code\core\Mage\Core\Model\App.php:365
[5] C:\wamp\www\loja\app\Mage.php:684
[6] C:\wamp\www\loja\index.php:83
</pre>
2016-07-08T16:35:54+00:00 DEBUG (7): HEADERS ALREADY SENT: <pre>[0] C:\wamp\www\loja\app\code\core\Mage\Core\Controller\Response\Http.php:52
[1] C:\wamp\www\loja\lib\Zend\Controller\Response\Abstract.php:768
[2] C:\wamp\www\loja\app\code\core\Mage\Core\Controller\Response\Http.php:84
[3] C:\wamp\www\loja\app\code\core\Mage\Core\Controller\Varien\Front.php:184
[4] C:\wamp\www\loja\app\code\core\Mage\Core\Model\App.php:365
[5] C:\wamp\www\loja\app\Mage.php:684
[6] C:\wamp\www\loja\index.php:83
</pre>
2016-07-08T16:35:57+00:00 DEBUG (7): HEADERS ALREADY SENT: <pre>[0] C:\wamp\www\loja\app\code\core\Mage\Core\Controller\Response\Http.php:52
[1] C:\wamp\www\loja\lib\Zend\Controller\Response\Abstract.php:768
[2] C:\wamp\www\loja\app\code\core\Mage\Core\Controller\Response\Http.php:84
[3] C:\wamp\www\loja\app\code\core\Mage\Core\Controller\Varien\Front.php:184
[4] C:\wamp\www\loja\app\code\core\Mage\Core\Model\App.php:365
[5] C:\wamp\www\loja\app\Mage.php:684
[6] C:\wamp\www\loja\index.php:83
</pre>
2016-07-08T16:35:58+00:00 DEBUG (7): HEADERS ALREADY SENT: <pre>[0] C:\wamp\www\loja\app\code\core\Mage\Core\Controller\Response\Http.php:52
[1] C:\wamp\www\loja\lib\Zend\Controller\Response\Abstract.php:768
[2] C:\wamp\www\loja\app\code\core\Mage\Core\Controller\Response\Http.php:84
[3] C:\wamp\www\loja\app\code\core\Mage\Core\Controller\Varien\Front.php:184
[4] C:\wamp\www\loja\app\code\core\Mage\Core\Model\App.php:365
[5] C:\wamp\www\loja\app\Mage.php:684
[6] C:\wamp\www\loja\index.php:83
</pre>
2016-07-08T16:36:00+00:00 DEBUG (7): HEADERS ALREADY SENT: <pre>[0] C:\wamp\www\loja\app\code\core\Mage\Core\Controller\Response\Http.php:52
[1] C:\wamp\www\loja\lib\Zend\Controller\Response\Abstract.php:768
[2] C:\wamp\www\loja\app\code\core\Mage\Core\Controller\Response\Http.php:84
[3] C:\wamp\www\loja\app\code\core\Mage\Core\Controller\Varien\Front.php:184
[4] C:\wamp\www\loja\app\code\core\Mage\Core\Model\App.php:365
[5] C:\wamp\www\loja\app\Mage.php:684
[6] C:\wamp\www\loja\index.php:83
</pre>
2016-07-08T16:36:01+00:00 DEBUG (7): HEADERS ALREADY SENT: <pre>[0] C:\wamp\www\loja\app\code\core\Mage\Core\Controller\Response\Http.php:52
[1] C:\wamp\www\loja\lib\Zend\Controller\Response\Abstract.php:768
[2] C:\wamp\www\loja\app\code\core\Mage\Core\Controller\Response\Http.php:84
[3] C:\wamp\www\loja\app\code\core\Mage\Core\Controller\Varien\Front.php:184
[4] C:\wamp\www\loja\app\code\core\Mage\Core\Model\App.php:365
[5] C:\wamp\www\loja\app\Mage.php:684
[6] C:\wamp\www\loja\index.php:83
</pre>
2016-07-08T16:36:03+00:00 DEBUG (7): HEADERS ALREADY SENT: <pre>[0] C:\wamp\www\loja\app\code\core\Mage\Core\Controller\Response\Http.php:52
[1] C:\wamp\www\loja\lib\Zend\Controller\Response\Abstract.php:768
[2] C:\wamp\www\loja\app\code\core\Mage\Core\Controller\Response\Http.php:84
[3] C:\wamp\www\loja\app\code\core\Mage\Core\Controller\Varien\Front.php:184
[4] C:\wamp\www\loja\app\code\core\Mage\Core\Model\App.php:365
[5] C:\wamp\www\loja\app\Mage.php:684
[6] C:\wamp\www\loja\index.php:83
</pre>
2016-07-08T16:37:00+00:00 DEBUG (7): HEADERS ALREADY SENT: <pre>[0] C:\wamp\www\loja\app\code\core\Mage\Core\Controller\Response\Http.php:52
[1] C:\wamp\www\loja\lib\Zend\Controller\Response\Abstract.php:768
[2] C:\wamp\www\loja\app\code\core\Mage\Core\Controller\Response\Http.php:84
[3] C:\wamp\www\loja\app\code\core\Mage\Core\Controller\Varien\Front.php:184
[4] C:\wamp\www\loja\app\code\core\Mage\Core\Model\App.php:365
[5] C:\wamp\www\loja\app\Mage.php:684
[6] C:\wamp\www\loja\index.php:83
</pre>
2016-07-08T16:37:03+00:00 DEBUG (7): HEADERS ALREADY SENT: <pre>[0] C:\wamp\www\loja\app\code\core\Mage\Core\Controller\Response\Http.php:52
[1] C:\wamp\www\loja\lib\Zend\Controller\Response\Abstract.php:768
[2] C:\wamp\www\loja\app\code\core\Mage\Core\Controller\Response\Http.php:84
[3] C:\wamp\www\loja\app\code\core\Mage\Core\Controller\Varien\Front.php:184
[4] C:\wamp\www\loja\app\code\core\Mage\Core\Model\App.php:365
[5] C:\wamp\www\loja\app\Mage.php:684
[6] C:\wamp\www\loja\index.php:83
</pre>
2016-07-08T16:37:07+00:00 DEBUG (7): HEADERS ALREADY SENT: <pre>[0] C:\wamp\www\loja\app\code\core\Mage\Core\Controller\Response\Http.php:52
[1] C:\wamp\www\loja\lib\Zend\Controller\Response\Abstract.php:768
[2] C:\wamp\www\loja\app\code\core\Mage\Core\Controller\Response\Http.php:84
[3] C:\wamp\www\loja\app\code\core\Mage\Core\Controller\Varien\Front.php:184
[4] C:\wamp\www\loja\app\code\core\Mage\Core\Model\App.php:365
[5] C:\wamp\www\loja\app\Mage.php:684
[6] C:\wamp\www\loja\index.php:83
</pre>
2016-07-08T16:37:08+00:00 DEBUG (7): HEADERS ALREADY SENT: <pre>[0] C:\wamp\www\loja\app\code\core\Mage\Core\Controller\Response\Http.php:52
[1] C:\wamp\www\loja\lib\Zend\Controller\Response\Abstract.php:768
[2] C:\wamp\www\loja\app\code\core\Mage\Core\Controller\Response\Http.php:84
[3] C:\wamp\www\loja\app\code\core\Mage\Core\Controller\Varien\Front.php:184
[4] C:\wamp\www\loja\app\code\core\Mage\Core\Model\App.php:365
[5] C:\wamp\www\loja\app\Mage.php:684
[6] C:\wamp\www\loja\index.php:83
</pre>
2016-07-08T16:37:09+00:00 DEBUG (7): HEADERS ALREADY SENT: <pre>[0] C:\wamp\www\loja\app\code\core\Mage\Core\Controller\Response\Http.php:52
[1] C:\wamp\www\loja\lib\Zend\Controller\Response\Abstract.php:768
[2] C:\wamp\www\loja\app\code\core\Mage\Core\Controller\Response\Http.php:84
[3] C:\wamp\www\loja\app\code\core\Mage\Core\Controller\Varien\Front.php:184
[4] C:\wamp\www\loja\app\code\core\Mage\Core\Model\App.php:365
[5] C:\wamp\www\loja\app\Mage.php:684
[6] C:\wamp\www\loja\index.php:83
</pre>
2016-07-08T16:37:11+00:00 DEBUG (7): HEADERS ALREADY SENT: <pre>[0] C:\wamp\www\loja\app\code\core\Mage\Core\Controller\Response\Http.php:52
[1] C:\wamp\www\loja\lib\Zend\Controller\Response\Abstract.php:768
[2] C:\wamp\www\loja\app\code\core\Mage\Core\Controller\Response\Http.php:84
[3] C:\wamp\www\loja\app\code\core\Mage\Core\Controller\Varien\Front.php:184
[4] C:\wamp\www\loja\app\code\core\Mage\Core\Model\App.php:365
[5] C:\wamp\www\loja\app\Mage.php:684
[6] C:\wamp\www\loja\index.php:83
</pre>
2016-07-08T16:37:14+00:00 DEBUG (7): HEADERS ALREADY SENT: <pre>[0] C:\wamp\www\loja\app\code\core\Mage\Core\Controller\Response\Http.php:52
[1] C:\wamp\www\loja\lib\Zend\Controller\Response\Abstract.php:768
[2] C:\wamp\www\loja\app\code\core\Mage\Core\Controller\Response\Http.php:84
[3] C:\wamp\www\loja\app\code\core\Mage\Core\Controller\Varien\Front.php:184
[4] C:\wamp\www\loja\app\code\core\Mage\Core\Model\App.php:365
[5] C:\wamp\www\loja\app\Mage.php:684
[6] C:\wamp\www\loja\index.php:83
</pre>
2016-07-08T16:37:55+00:00 DEBUG (7): Security problem: catalog/product_special has not been whitelisted.
2016-07-08T16:38:11+00:00 DEBUG (7): Security problem: catalog/product_special has not been whitelisted.
2016-07-08T16:39:06+00:00 DEBUG (7): Security problem: catalog/product_special has not been whitelisted.
2016-07-08T16:40:17+00:00 DEBUG (7): HEADERS ALREADY SENT: <pre>[0] C:\wamp\www\loja\app\code\core\Mage\Core\Controller\Response\Http.php:52
[1] C:\wamp\www\loja\lib\Zend\Controller\Response\Abstract.php:768
[2] C:\wamp\www\loja\app\code\core\Mage\Core\Controller\Response\Http.php:84
[3] C:\wamp\www\loja\app\code\core\Mage\Core\Controller\Varien\Front.php:184
[4] C:\wamp\www\loja\app\code\core\Mage\Core\Model\App.php:365
[5] C:\wamp\www\loja\app\Mage.php:684
[6] C:\wamp\www\loja\index.php:83
</pre>
2016-07-08T16:40:18+00:00 DEBUG (7): Security problem: catalog/product_special has not been whitelisted.
2016-07-08T16:40:21+00:00 DEBUG (7): HEADERS ALREADY SENT: <pre>[0] C:\wamp\www\loja\app\code\core\Mage\Core\Controller\Response\Http.php:52
[1] C:\wamp\www\loja\lib\Zend\Controller\Response\Abstract.php:768
[2] C:\wamp\www\loja\app\code\core\Mage\Core\Controller\Response\Http.php:84
[3] C:\wamp\www\loja\app\code\core\Mage\Core\Controller\Varien\Front.php:184
[4] C:\wamp\www\loja\app\code\core\Mage\Core\Model\App.php:365
[5] C:\wamp\www\loja\app\Mage.php:684
[6] C:\wamp\www\loja\index.php:83
</pre>
2016-07-08T16:40:22+00:00 DEBUG (7): HEADERS ALREADY SENT: <pre>[0] C:\wamp\www\loja\app\code\core\Mage\Core\Controller\Response\Http.php:52
[1] C:\wamp\www\loja\lib\Zend\Controller\Response\Abstract.php:768
[2] C:\wamp\www\loja\app\code\core\Mage\Core\Controller\Response\Http.php:84
[3] C:\wamp\www\loja\app\code\core\Mage\Core\Controller\Varien\Front.php:184
[4] C:\wamp\www\loja\app\code\core\Mage\Core\Model\App.php:365
[5] C:\wamp\www\loja\app\Mage.php:684
[6] C:\wamp\www\loja\index.php:83
</pre>
2016-07-08T16:40:25+00:00 DEBUG (7): HEADERS ALREADY SENT: <pre>[0] C:\wamp\www\loja\app\code\core\Mage\Core\Controller\Response\Http.php:52
[1] C:\wamp\www\loja\lib\Zend\Controller\Response\Abstract.php:768
[2] C:\wamp\www\loja\app\code\core\Mage\Core\Controller\Response\Http.php:84
[3] C:\wamp\www\loja\app\code\core\Mage\Core\Controller\Varien\Front.php:184
[4] C:\wamp\www\loja\app\code\core\Mage\Core\Model\App.php:365
[5] C:\wamp\www\loja\app\Mage.php:684
[6] C:\wamp\www\loja\index.php:83
</pre>
2016-07-08T16:40:27+00:00 DEBUG (7): HEADERS ALREADY SENT: <pre>[0] C:\wamp\www\loja\app\code\core\Mage\Core\Controller\Response\Http.php:52
[1] C:\wamp\www\loja\lib\Zend\Controller\Response\Abstract.php:768
[2] C:\wamp\www\loja\app\code\core\Mage\Core\Controller\Response\Http.php:84
[3] C:\wamp\www\loja\app\code\core\Mage\Core\Controller\Varien\Front.php:184
[4] C:\wamp\www\loja\app\code\core\Mage\Core\Model\App.php:365
[5] C:\wamp\www\loja\app\Mage.php:684
[6] C:\wamp\www\loja\index.php:83
</pre>
2016-07-08T16:40:29+00:00 DEBUG (7): HEADERS ALREADY SENT: <pre>[0] C:\wamp\www\loja\app\code\core\Mage\Core\Controller\Response\Http.php:52
[1] C:\wamp\www\loja\lib\Zend\Controller\Response\Abstract.php:768
[2] C:\wamp\www\loja\app\code\core\Mage\Core\Controller\Response\Http.php:84
[3] C:\wamp\www\loja\app\code\core\Mage\Core\Controller\Varien\Front.php:184
[4] C:\wamp\www\loja\app\code\core\Mage\Core\Model\App.php:365
[5] C:\wamp\www\loja\app\Mage.php:684
[6] C:\wamp\www\loja\index.php:83
</pre>
2016-07-08T16:40:29+00:00 DEBUG (7): HEADERS ALREADY SENT: <pre>[0] C:\wamp\www\loja\app\code\core\Mage\Core\Controller\Response\Http.php:52
[1] C:\wamp\www\loja\lib\Zend\Controller\Response\Abstract.php:768
[2] C:\wamp\www\loja\app\code\core\Mage\Core\Controller\Response\Http.php:84
[3] C:\wamp\www\loja\app\code\core\Mage\Core\Controller\Varien\Front.php:184
[4] C:\wamp\www\loja\app\code\core\Mage\Core\Model\App.php:365
[5] C:\wamp\www\loja\app\Mage.php:684
[6] C:\wamp\www\loja\index.php:83
</pre>
2016-07-08T16:41:26+00:00 DEBUG (7): HEADERS ALREADY SENT: <pre>[0] C:\wamp\www\loja\app\code\core\Mage\Core\Controller\Response\Http.php:52
[1] C:\wamp\www\loja\lib\Zend\Controller\Response\Abstract.php:768
[2] C:\wamp\www\loja\app\code\core\Mage\Core\Controller\Response\Http.php:84
[3] C:\wamp\www\loja\app\code\core\Mage\Core\Controller\Varien\Front.php:184
[4] C:\wamp\www\loja\app\code\core\Mage\Core\Model\App.php:365
[5] C:\wamp\www\loja\app\Mage.php:684
[6] C:\wamp\www\loja\index.php:83
</pre>
2016-07-08T16:41:27+00:00 DEBUG (7): HEADERS ALREADY SENT: <pre>[0] C:\wamp\www\loja\app\code\core\Mage\Core\Controller\Response\Http.php:52
[1] C:\wamp\www\loja\lib\Zend\Controller\Response\Abstract.php:768
[2] C:\wamp\www\loja\app\code\core\Mage\Core\Controller\Response\Http.php:84
[3] C:\wamp\www\loja\app\code\core\Mage\Core\Controller\Varien\Front.php:184
[4] C:\wamp\www\loja\app\code\core\Mage\Core\Model\App.php:365
[5] C:\wamp\www\loja\app\Mage.php:684
[6] C:\wamp\www\loja\index.php:83
</pre>
2016-07-08T16:41:27+00:00 DEBUG (7): Security problem: catalog/product_special has not been whitelisted.
2016-07-08T16:41:32+00:00 DEBUG (7): HEADERS ALREADY SENT: <pre>[0] C:\wamp\www\loja\app\code\core\Mage\Core\Controller\Response\Http.php:52
[1] C:\wamp\www\loja\lib\Zend\Controller\Response\Abstract.php:768
[2] C:\wamp\www\loja\app\code\core\Mage\Core\Controller\Response\Http.php:84
[3] C:\wamp\www\loja\app\code\core\Mage\Core\Controller\Varien\Front.php:184
[4] C:\wamp\www\loja\app\code\core\Mage\Core\Model\App.php:365
[5] C:\wamp\www\loja\app\Mage.php:684
[6] C:\wamp\www\loja\index.php:83
</pre>
2016-07-08T16:41:34+00:00 DEBUG (7): HEADERS ALREADY SENT: <pre>[0] C:\wamp\www\loja\app\code\core\Mage\Core\Controller\Response\Http.php:52
[1] C:\wamp\www\loja\lib\Zend\Controller\Response\Abstract.php:768
[2] C:\wamp\www\loja\app\code\core\Mage\Core\Controller\Response\Http.php:84
[3] C:\wamp\www\loja\app\code\core\Mage\Core\Controller\Varien\Front.php:184
[4] C:\wamp\www\loja\app\code\core\Mage\Core\Model\App.php:365
[5] C:\wamp\www\loja\app\Mage.php:684
[6] C:\wamp\www\loja\index.php:83
</pre>
2016-07-08T16:41:37+00:00 DEBUG (7): HEADERS ALREADY SENT: <pre>[0] C:\wamp\www\loja\app\code\core\Mage\Core\Controller\Response\Http.php:52
[1] C:\wamp\www\loja\lib\Zend\Controller\Response\Abstract.php:768
[2] C:\wamp\www\loja\app\code\core\Mage\Core\Controller\Response\Http.php:84
[3] C:\wamp\www\loja\app\code\core\Mage\Core\Controller\Varien\Front.php:184
[4] C:\wamp\www\loja\app\code\core\Mage\Core\Model\App.php:365
[5] C:\wamp\www\loja\app\Mage.php:684
[6] C:\wamp\www\loja\index.php:83
</pre>
2016-07-08T16:42:09+00:00 DEBUG (7): Security problem: catalog/product_special has not been whitelisted.
2016-07-08T16:42:35+00:00 DEBUG (7): Security problem: catalog/product_newa has not been whitelisted.
2016-07-08T16:42:35+00:00 DEBUG (7): Security problem: catalog/product_special has not been whitelisted.
2016-07-08T16:42:47+00:00 DEBUG (7): HEADERS ALREADY SENT: <pre>[0] C:\wamp\www\loja\app\code\core\Mage\Core\Controller\Response\Http.php:52
[1] C:\wamp\www\loja\lib\Zend\Controller\Response\Abstract.php:768
[2] C:\wamp\www\loja\app\code\core\Mage\Core\Controller\Response\Http.php:84
[3] C:\wamp\www\loja\app\code\core\Mage\Core\Controller\Varien\Front.php:184
[4] C:\wamp\www\loja\app\code\core\Mage\Core\Model\App.php:365
[5] C:\wamp\www\loja\app\Mage.php:684
[6] C:\wamp\www\loja\index.php:83
</pre>
2016-07-08T16:42:49+00:00 DEBUG (7): HEADERS ALREADY SENT: <pre>[0] C:\wamp\www\loja\app\code\core\Mage\Core\Controller\Response\Http.php:52
[1] C:\wamp\www\loja\lib\Zend\Controller\Response\Abstract.php:768
[2] C:\wamp\www\loja\app\code\core\Mage\Core\Controller\Response\Http.php:84
[3] C:\wamp\www\loja\app\code\core\Mage\Core\Controller\Varien\Front.php:184
[4] C:\wamp\www\loja\app\code\core\Mage\Core\Model\App.php:365
[5] C:\wamp\www\loja\app\Mage.php:684
[6] C:\wamp\www\loja\index.php:83
</pre>
2016-07-08T16:42:50+00:00 DEBUG (7): HEADERS ALREADY SENT: <pre>[0] C:\wamp\www\loja\app\code\core\Mage\Core\Controller\Response\Http.php:52
[1] C:\wamp\www\loja\lib\Zend\Controller\Response\Abstract.php:768
[2] C:\wamp\www\loja\app\code\core\Mage\Core\Controller\Response\Http.php:84
[3] C:\wamp\www\loja\app\code\core\Mage\Core\Controller\Varien\Front.php:184
[4] C:\wamp\www\loja\app\code\core\Mage\Core\Model\App.php:365
[5] C:\wamp\www\loja\app\Mage.php:684
[6] C:\wamp\www\loja\index.php:83
</pre>
2016-07-08T16:43:06+00:00 DEBUG (7): HEADERS ALREADY SENT: <pre>[0] C:\wamp\www\loja\app\code\core\Mage\Core\Controller\Response\Http.php:52
[1] C:\wamp\www\loja\lib\Zend\Controller\Response\Abstract.php:768
[2] C:\wamp\www\loja\app\code\core\Mage\Core\Controller\Response\Http.php:84
[3] C:\wamp\www\loja\app\code\core\Mage\Core\Controller\Varien\Front.php:184
[4] C:\wamp\www\loja\app\code\core\Mage\Core\Model\App.php:365
[5] C:\wamp\www\loja\app\Mage.php:684
[6] C:\wamp\www\loja\index.php:83
</pre>
2016-07-08T16:43:08+00:00 DEBUG (7): HEADERS ALREADY SENT: <pre>[0] C:\wamp\www\loja\app\code\core\Mage\Core\Controller\Response\Http.php:52
[1] C:\wamp\www\loja\lib\Zend\Controller\Response\Abstract.php:768
[2] C:\wamp\www\loja\app\code\core\Mage\Core\Controller\Response\Http.php:84
[3] C:\wamp\www\loja\app\code\core\Mage\Core\Controller\Varien\Front.php:184
[4] C:\wamp\www\loja\app\code\core\Mage\Core\Model\App.php:365
[5] C:\wamp\www\loja\app\Mage.php:684
[6] C:\wamp\www\loja\index.php:83
</pre>
2016-07-08T16:43:10+00:00 DEBUG (7): HEADERS ALREADY SENT: <pre>[0] C:\wamp\www\loja\app\code\core\Mage\Core\Controller\Response\Http.php:52
[1] C:\wamp\www\loja\lib\Zend\Controller\Response\Abstract.php:768
[2] C:\wamp\www\loja\app\code\core\Mage\Core\Controller\Response\Http.php:84
[3] C:\wamp\www\loja\app\code\core\Mage\Core\Controller\Varien\Front.php:184
[4] C:\wamp\www\loja\app\code\core\Mage\Core\Model\App.php:365
[5] C:\wamp\www\loja\app\Mage.php:684
[6] C:\wamp\www\loja\index.php:83
</pre>
2016-07-08T16:48:36+00:00 DEBUG (7): Security problem: catalog/product_special has not been whitelisted.
2016-07-08T16:48:57+00:00 DEBUG (7): HEADERS ALREADY SENT: <pre>[0] C:\wamp\www\loja\app\code\core\Mage\Core\Controller\Response\Http.php:52
[1] C:\wamp\www\loja\lib\Zend\Controller\Response\Abstract.php:768
[2] C:\wamp\www\loja\app\code\core\Mage\Core\Controller\Response\Http.php:84
[3] C:\wamp\www\loja\app\code\core\Mage\Core\Controller\Varien\Front.php:184
[4] C:\wamp\www\loja\app\code\core\Mage\Core\Model\App.php:365
[5] C:\wamp\www\loja\app\Mage.php:684
[6] C:\wamp\www\loja\index.php:83
</pre>
2016-07-08T16:48:59+00:00 DEBUG (7): HEADERS ALREADY SENT: <pre>[0] C:\wamp\www\loja\app\code\core\Mage\Core\Controller\Response\Http.php:52
[1] C:\wamp\www\loja\lib\Zend\Controller\Response\Abstract.php:768
[2] C:\wamp\www\loja\app\code\core\Mage\Core\Controller\Response\Http.php:84
[3] C:\wamp\www\loja\app\code\core\Mage\Core\Controller\Varien\Front.php:184
[4] C:\wamp\www\loja\app\code\core\Mage\Core\Model\App.php:365
[5] C:\wamp\www\loja\app\Mage.php:684
[6] C:\wamp\www\loja\index.php:83
</pre>
2016-07-08T16:49:00+00:00 DEBUG (7): HEADERS ALREADY SENT: <pre>[0] C:\wamp\www\loja\app\code\core\Mage\Core\Controller\Response\Http.php:52
[1] C:\wamp\www\loja\lib\Zend\Controller\Response\Abstract.php:768
[2] C:\wamp\www\loja\app\code\core\Mage\Core\Controller\Response\Http.php:84
[3] C:\wamp\www\loja\app\code\core\Mage\Core\Controller\Varien\Front.php:184
[4] C:\wamp\www\loja\app\code\core\Mage\Core\Model\App.php:365
[5] C:\wamp\www\loja\app\Mage.php:684
[6] C:\wamp\www\loja\index.php:83
</pre>
2016-07-08T16:49:02+00:00 DEBUG (7): HEADERS ALREADY SENT: <pre>[0] C:\wamp\www\loja\app\code\core\Mage\Core\Controller\Response\Http.php:52
[1] C:\wamp\www\loja\lib\Zend\Controller\Response\Abstract.php:768
[2] C:\wamp\www\loja\app\code\core\Mage\Core\Controller\Response\Http.php:84
[3] C:\wamp\www\loja\app\code\core\Mage\Core\Controller\Varien\Front.php:184
[4] C:\wamp\www\loja\app\code\core\Mage\Core\Model\App.php:365
[5] C:\wamp\www\loja\app\Mage.php:684
[6] C:\wamp\www\loja\index.php:83
</pre>
2016-07-08T16:49:04+00:00 DEBUG (7): HEADERS ALREADY SENT: <pre>[0] C:\wamp\www\loja\app\code\core\Mage\Core\Controller\Response\Http.php:52
[1] C:\wamp\www\loja\lib\Zend\Controller\Response\Abstract.php:768
[2] C:\wamp\www\loja\app\code\core\Mage\Core\Controller\Response\Http.php:84
[3] C:\wamp\www\loja\app\code\core\Mage\Core\Controller\Varien\Front.php:184
[4] C:\wamp\www\loja\app\code\core\Mage\Core\Model\App.php:365
[5] C:\wamp\www\loja\app\Mage.php:684
[6] C:\wamp\www\loja\index.php:83
</pre>
2016-07-08T16:49:05+00:00 DEBUG (7): HEADERS ALREADY SENT: <pre>[0] C:\wamp\www\loja\app\code\core\Mage\Core\Controller\Response\Http.php:52
[1] C:\wamp\www\loja\lib\Zend\Controller\Response\Abstract.php:768
[2] C:\wamp\www\loja\app\code\core\Mage\Core\Controller\Response\Http.php:84
[3] C:\wamp\www\loja\app\code\core\Mage\Core\Controller\Varien\Front.php:184
[4] C:\wamp\www\loja\app\code\core\Mage\Core\Model\App.php:365
[5] C:\wamp\www\loja\app\Mage.php:684
[6] C:\wamp\www\loja\index.php:83
</pre>
2016-07-08T16:49:06+00:00 DEBUG (7): HEADERS ALREADY SENT: <pre>[0] C:\wamp\www\loja\app\code\core\Mage\Core\Controller\Response\Http.php:52
[1] C:\wamp\www\loja\lib\Zend\Controller\Response\Abstract.php:768
[2] C:\wamp\www\loja\app\code\core\Mage\Core\Controller\Response\Http.php:84
[3] C:\wamp\www\loja\app\code\core\Mage\Core\Controller\Varien\Front.php:184
[4] C:\wamp\www\loja\app\code\core\Mage\Core\Model\App.php:365
[5] C:\wamp\www\loja\app\Mage.php:684
[6] C:\wamp\www\loja\index.php:83
</pre>
2016-07-08T16:49:07+00:00 DEBUG (7): HEADERS ALREADY SENT: <pre>[0] C:\wamp\www\loja\app\code\core\Mage\Core\Controller\Response\Http.php:52
[1] C:\wamp\www\loja\lib\Zend\Controller\Response\Abstract.php:768
[2] C:\wamp\www\loja\app\code\core\Mage\Core\Controller\Response\Http.php:84
[3] C:\wamp\www\loja\app\code\core\Mage\Core\Controller\Varien\Front.php:184
[4] C:\wamp\www\loja\app\code\core\Mage\Core\Model\App.php:365
[5] C:\wamp\www\loja\app\Mage.php:684
[6] C:\wamp\www\loja\index.php:83
</pre>
2016-07-08T16:49:10+00:00 DEBUG (7): Security problem: catalog/product_special has not been whitelisted.
2016-07-08T16:49:11+00:00 DEBUG (7): HEADERS ALREADY SENT: <pre>[0] C:\wamp\www\loja\app\code\core\Mage\Core\Controller\Response\Http.php:52
[1] C:\wamp\www\loja\lib\Zend\Controller\Response\Abstract.php:768
[2] C:\wamp\www\loja\app\code\core\Mage\Core\Controller\Response\Http.php:84
[3] C:\wamp\www\loja\app\code\core\Mage\Core\Controller\Varien\Front.php:184
[4] C:\wamp\www\loja\app\code\core\Mage\Core\Model\App.php:365
[5] C:\wamp\www\loja\app\Mage.php:684
[6] C:\wamp\www\loja\index.php:83
</pre>
2016-07-08T16:49:25+00:00 DEBUG (7): HEADERS ALREADY SENT: <pre>[0] C:\wamp\www\loja\app\code\core\Mage\Core\Controller\Response\Http.php:52
[1] C:\wamp\www\loja\lib\Zend\Controller\Response\Abstract.php:768
[2] C:\wamp\www\loja\app\code\core\Mage\Core\Controller\Response\Http.php:84
[3] C:\wamp\www\loja\app\code\core\Mage\Core\Controller\Varien\Front.php:184
[4] C:\wamp\www\loja\app\code\core\Mage\Core\Model\App.php:365
[5] C:\wamp\www\loja\app\Mage.php:684
[6] C:\wamp\www\loja\index.php:83
</pre>
2016-07-08T16:49:27+00:00 DEBUG (7): HEADERS ALREADY SENT: <pre>[0] C:\wamp\www\loja\app\code\core\Mage\Core\Controller\Response\Http.php:52
[1] C:\wamp\www\loja\lib\Zend\Controller\Response\Abstract.php:768
[2] C:\wamp\www\loja\app\code\core\Mage\Core\Controller\Response\Http.php:84
[3] C:\wamp\www\loja\app\code\core\Mage\Core\Controller\Varien\Front.php:184
[4] C:\wamp\www\loja\app\code\core\Mage\Core\Model\App.php:365
[5] C:\wamp\www\loja\app\Mage.php:684
[6] C:\wamp\www\loja\index.php:83
</pre>
2016-07-08T16:49:27+00:00 DEBUG (7): HEADERS ALREADY SENT: <pre>[0] C:\wamp\www\loja\app\code\core\Mage\Core\Controller\Response\Http.php:52
[1] C:\wamp\www\loja\lib\Zend\Controller\Response\Abstract.php:768
[2] C:\wamp\www\loja\app\code\core\Mage\Core\Controller\Response\Http.php:84
[3] C:\wamp\www\loja\app\code\core\Mage\Core\Controller\Varien\Front.php:184
[4] C:\wamp\www\loja\app\code\core\Mage\Core\Model\App.php:365
[5] C:\wamp\www\loja\app\Mage.php:684
[6] C:\wamp\www\loja\index.php:83
</pre>
2016-07-08T16:49:28+00:00 DEBUG (7): HEADERS ALREADY SENT: <pre>[0] C:\wamp\www\loja\app\code\core\Mage\Core\Controller\Response\Http.php:52
[1] C:\wamp\www\loja\lib\Zend\Controller\Response\Abstract.php:768
[2] C:\wamp\www\loja\app\code\core\Mage\Core\Controller\Response\Http.php:84
[3] C:\wamp\www\loja\app\code\core\Mage\Core\Controller\Varien\Front.php:184
[4] C:\wamp\www\loja\app\code\core\Mage\Core\Model\App.php:365
[5] C:\wamp\www\loja\app\Mage.php:684
[6] C:\wamp\www\loja\index.php:83
</pre>
2016-07-08T16:49:29+00:00 DEBUG (7): HEADERS ALREADY SENT: <pre>[0] C:\wamp\www\loja\app\code\core\Mage\Core\Controller\Response\Http.php:52
[1] C:\wamp\www\loja\lib\Zend\Controller\Response\Abstract.php:768
[2] C:\wamp\www\loja\app\code\core\Mage\Core\Controller\Response\Http.php:84
[3] C:\wamp\www\loja\app\code\core\Mage\Core\Controller\Varien\Front.php:184
[4] C:\wamp\www\loja\app\code\core\Mage\Core\Model\App.php:365
[5] C:\wamp\www\loja\app\Mage.php:684
[6] C:\wamp\www\loja\index.php:83
</pre>
2016-07-08T16:49:30+00:00 DEBUG (7): HEADERS ALREADY SENT: <pre>[0] C:\wamp\www\loja\app\code\core\Mage\Core\Controller\Response\Http.php:52
[1] C:\wamp\www\loja\lib\Zend\Controller\Response\Abstract.php:768
[2] C:\wamp\www\loja\app\code\core\Mage\Core\Controller\Response\Http.php:84
[3] C:\wamp\www\loja\app\code\core\Mage\Core\Controller\Varien\Front.php:184
[4] C:\wamp\www\loja\app\code\core\Mage\Core\Model\App.php:365
[5] C:\wamp\www\loja\app\Mage.php:684
[6] C:\wamp\www\loja\index.php:83
</pre>
2016-07-08T16:49:31+00:00 DEBUG (7): HEADERS ALREADY SENT: <pre>[0] C:\wamp\www\loja\app\code\core\Mage\Core\Controller\Response\Http.php:52
[1] C:\wamp\www\loja\lib\Zend\Controller\Response\Abstract.php:768
[2] C:\wamp\www\loja\app\code\core\Mage\Core\Controller\Response\Http.php:84
[3] C:\wamp\www\loja\app\code\core\Mage\Core\Controller\Varien\Front.php:184
[4] C:\wamp\www\loja\app\code\core\Mage\Core\Model\App.php:365
[5] C:\wamp\www\loja\app\Mage.php:684
[6] C:\wamp\www\loja\index.php:83
</pre>
2016-07-08T16:50:13+00:00 DEBUG (7): HEADERS ALREADY SENT: <pre>[0] C:\wamp\www\loja\app\code\core\Mage\Core\Controller\Response\Http.php:52
[1] C:\wamp\www\loja\lib\Zend\Controller\Response\Abstract.php:768
[2] C:\wamp\www\loja\app\code\core\Mage\Core\Controller\Response\Http.php:84
[3] C:\wamp\www\loja\app\code\core\Mage\Core\Controller\Varien\Front.php:184
[4] C:\wamp\www\loja\app\code\core\Mage\Core\Model\App.php:365
[5] C:\wamp\www\loja\app\Mage.php:684
[6] C:\wamp\www\loja\index.php:83
</pre>
2016-07-08T16:50:16+00:00 DEBUG (7): HEADERS ALREADY SENT: <pre>[0] C:\wamp\www\loja\app\code\core\Mage\Core\Controller\Response\Http.php:52
[1] C:\wamp\www\loja\lib\Zend\Controller\Response\Abstract.php:768
[2] C:\wamp\www\loja\app\code\core\Mage\Core\Controller\Response\Http.php:84
[3] C:\wamp\www\loja\app\code\core\Mage\Core\Controller\Varien\Front.php:184
[4] C:\wamp\www\loja\app\code\core\Mage\Core\Model\App.php:365
[5] C:\wamp\www\loja\app\Mage.php:684
[6] C:\wamp\www\loja\index.php:83
</pre>
2016-07-08T16:50:17+00:00 DEBUG (7): Security problem: catalog/product_special has not been whitelisted.
2016-07-08T16:50:20+00:00 DEBUG (7): HEADERS ALREADY SENT: <pre>[0] C:\wamp\www\loja\app\code\core\Mage\Core\Controller\Response\Http.php:52
[1] C:\wamp\www\loja\lib\Zend\Controller\Response\Abstract.php:768
[2] C:\wamp\www\loja\app\code\core\Mage\Core\Controller\Response\Http.php:84
[3] C:\wamp\www\loja\app\code\core\Mage\Core\Controller\Varien\Front.php:184
[4] C:\wamp\www\loja\app\code\core\Mage\Core\Model\App.php:365
[5] C:\wamp\www\loja\app\Mage.php:684
[6] C:\wamp\www\loja\index.php:83
</pre>
2016-07-08T16:50:22+00:00 DEBUG (7): HEADERS ALREADY SENT: <pre>[0] C:\wamp\www\loja\app\code\core\Mage\Core\Controller\Response\Http.php:52
[1] C:\wamp\www\loja\lib\Zend\Controller\Response\Abstract.php:768
[2] C:\wamp\www\loja\app\code\core\Mage\Core\Controller\Response\Http.php:84
[3] C:\wamp\www\loja\app\code\core\Mage\Core\Controller\Varien\Front.php:184
[4] C:\wamp\www\loja\app\code\core\Mage\Core\Model\App.php:365
[5] C:\wamp\www\loja\app\Mage.php:684
[6] C:\wamp\www\loja\index.php:83
</pre>
2016-07-08T16:50:24+00:00 DEBUG (7): Security problem: catalog/product_special has not been whitelisted.
2016-07-08T16:50:29+00:00 DEBUG (7): HEADERS ALREADY SENT: <pre>[0] C:\wamp\www\loja\app\code\core\Mage\Core\Controller\Response\Http.php:52
[1] C:\wamp\www\loja\lib\Zend\Controller\Response\Abstract.php:768
[2] C:\wamp\www\loja\app\code\core\Mage\Core\Controller\Response\Http.php:84
[3] C:\wamp\www\loja\app\code\core\Mage\Core\Controller\Varien\Front.php:184
[4] C:\wamp\www\loja\app\code\core\Mage\Core\Model\App.php:365
[5] C:\wamp\www\loja\app\Mage.php:684
[6] C:\wamp\www\loja\index.php:83
</pre>
2016-07-08T16:50:33+00:00 DEBUG (7): HEADERS ALREADY SENT: <pre>[0] C:\wamp\www\loja\app\code\core\Mage\Core\Controller\Response\Http.php:52
[1] C:\wamp\www\loja\lib\Zend\Controller\Response\Abstract.php:768
[2] C:\wamp\www\loja\app\code\core\Mage\Core\Controller\Response\Http.php:84
[3] C:\wamp\www\loja\app\code\core\Mage\Core\Controller\Varien\Front.php:184
[4] C:\wamp\www\loja\app\code\core\Mage\Core\Model\App.php:365
[5] C:\wamp\www\loja\app\Mage.php:684
[6] C:\wamp\www\loja\index.php:83
</pre>
2016-07-08T16:50:34+00:00 DEBUG (7): HEADERS ALREADY SENT: <pre>[0] C:\wamp\www\loja\app\code\core\Mage\Core\Controller\Response\Http.php:52
[1] C:\wamp\www\loja\lib\Zend\Controller\Response\Abstract.php:768
[2] C:\wamp\www\loja\app\code\core\Mage\Core\Controller\Response\Http.php:84
[3] C:\wamp\www\loja\app\code\core\Mage\Core\Controller\Varien\Front.php:184
[4] C:\wamp\www\loja\app\code\core\Mage\Core\Model\App.php:365
[5] C:\wamp\www\loja\app\Mage.php:684
[6] C:\wamp\www\loja\index.php:83
</pre>
2016-07-08T16:50:35+00:00 DEBUG (7): HEADERS ALREADY SENT: <pre>[0] C:\wamp\www\loja\app\code\core\Mage\Core\Controller\Response\Http.php:52
[1] C:\wamp\www\loja\lib\Zend\Controller\Response\Abstract.php:768
[2] C:\wamp\www\loja\app\code\core\Mage\Core\Controller\Response\Http.php:84
[3] C:\wamp\www\loja\app\code\core\Mage\Core\Controller\Varien\Front.php:184
[4] C:\wamp\www\loja\app\code\core\Mage\Core\Model\App.php:365
[5] C:\wamp\www\loja\app\Mage.php:684
[6] C:\wamp\www\loja\index.php:83
</pre>
2016-07-08T16:50:36+00:00 DEBUG (7): HEADERS ALREADY SENT: <pre>[0] C:\wamp\www\loja\app\code\core\Mage\Core\Controller\Response\Http.php:52
[1] C:\wamp\www\loja\lib\Zend\Controller\Response\Abstract.php:768
[2] C:\wamp\www\loja\app\code\core\Mage\Core\Controller\Response\Http.php:84
[3] C:\wamp\www\loja\app\code\core\Mage\Core\Controller\Varien\Front.php:184
[4] C:\wamp\www\loja\app\code\core\Mage\Core\Model\App.php:365
[5] C:\wamp\www\loja\app\Mage.php:684
[6] C:\wamp\www\loja\index.php:83
</pre>
2016-07-08T16:50:37+00:00 DEBUG (7): HEADERS ALREADY SENT: <pre>[0] C:\wamp\www\loja\app\code\core\Mage\Core\Controller\Response\Http.php:52
[1] C:\wamp\www\loja\lib\Zend\Controller\Response\Abstract.php:768
[2] C:\wamp\www\loja\app\code\core\Mage\Core\Controller\Response\Http.php:84
[3] C:\wamp\www\loja\app\code\core\Mage\Core\Controller\Varien\Front.php:184
[4] C:\wamp\www\loja\app\code\core\Mage\Core\Model\App.php:365
[5] C:\wamp\www\loja\app\Mage.php:684
[6] C:\wamp\www\loja\index.php:83
</pre>
2016-07-08T16:50:39+00:00 DEBUG (7): HEADERS ALREADY SENT: <pre>[0] C:\wamp\www\loja\app\code\core\Mage\Core\Controller\Response\Http.php:52
[1] C:\wamp\www\loja\lib\Zend\Controller\Response\Abstract.php:768
[2] C:\wamp\www\loja\app\code\core\Mage\Core\Controller\Response\Http.php:84
[3] C:\wamp\www\loja\app\code\core\Mage\Core\Controller\Varien\Front.php:184
[4] C:\wamp\www\loja\app\code\core\Mage\Core\Model\App.php:365
[5] C:\wamp\www\loja\app\Mage.php:684
[6] C:\wamp\www\loja\index.php:83
</pre>
2016-07-08T16:50:39+00:00 DEBUG (7): HEADERS ALREADY SENT: <pre>[0] C:\wamp\www\loja\app\code\core\Mage\Core\Controller\Response\Http.php:52
[1] C:\wamp\www\loja\lib\Zend\Controller\Response\Abstract.php:768
[2] C:\wamp\www\loja\app\code\core\Mage\Core\Controller\Response\Http.php:84
[3] C:\wamp\www\loja\app\code\core\Mage\Core\Controller\Varien\Front.php:184
[4] C:\wamp\www\loja\app\code\core\Mage\Core\Model\App.php:365
[5] C:\wamp\www\loja\app\Mage.php:684
[6] C:\wamp\www\loja\index.php:83
</pre>
2016-07-08T16:51:47+00:00 DEBUG (7): Security problem: catalog/product_special has not been whitelisted.
2016-07-08T16:53:53+00:00 DEBUG (7): Security problem: catalog/product_special has not been whitelisted.
2016-07-08T16:53:54+00:00 DEBUG (7): HEADERS ALREADY SENT: <pre>[0] C:\wamp\www\loja\app\code\core\Mage\Core\Controller\Response\Http.php:52
[1] C:\wamp\www\loja\lib\Zend\Controller\Response\Abstract.php:768
[2] C:\wamp\www\loja\app\code\core\Mage\Core\Controller\Response\Http.php:84
[3] C:\wamp\www\loja\app\code\core\Mage\Core\Controller\Varien\Front.php:184
[4] C:\wamp\www\loja\app\code\core\Mage\Core\Model\App.php:365
[5] C:\wamp\www\loja\app\Mage.php:684
[6] C:\wamp\www\loja\index.php:83
</pre>
2016-07-08T16:53:58+00:00 DEBUG (7): HEADERS ALREADY SENT: <pre>[0] C:\wamp\www\loja\app\code\core\Mage\Core\Controller\Response\Http.php:52
[1] C:\wamp\www\loja\lib\Zend\Controller\Response\Abstract.php:768
[2] C:\wamp\www\loja\app\code\core\Mage\Core\Controller\Response\Http.php:84
[3] C:\wamp\www\loja\app\code\core\Mage\Core\Controller\Varien\Front.php:184
[4] C:\wamp\www\loja\app\code\core\Mage\Core\Model\App.php:365
[5] C:\wamp\www\loja\app\Mage.php:684
[6] C:\wamp\www\loja\index.php:83
</pre>
2016-07-08T16:54:00+00:00 DEBUG (7): HEADERS ALREADY SENT: <pre>[0] C:\wamp\www\loja\app\code\core\Mage\Core\Controller\Response\Http.php:52
[1] C:\wamp\www\loja\lib\Zend\Controller\Response\Abstract.php:768
[2] C:\wamp\www\loja\app\code\core\Mage\Core\Controller\Response\Http.php:84
[3] C:\wamp\www\loja\app\code\core\Mage\Core\Controller\Varien\Front.php:184
[4] C:\wamp\www\loja\app\code\core\Mage\Core\Model\App.php:365
[5] C:\wamp\www\loja\app\Mage.php:684
[6] C:\wamp\www\loja\index.php:83
</pre>
2016-07-08T16:54:02+00:00 DEBUG (7): HEADERS ALREADY SENT: <pre>[0] C:\wamp\www\loja\app\code\core\Mage\Core\Controller\Response\Http.php:52
[1] C:\wamp\www\loja\lib\Zend\Controller\Response\Abstract.php:768
[2] C:\wamp\www\loja\app\code\core\Mage\Core\Controller\Response\Http.php:84
[3] C:\wamp\www\loja\app\code\core\Mage\Core\Controller\Varien\Front.php:184
[4] C:\wamp\www\loja\app\code\core\Mage\Core\Model\App.php:365
[5] C:\wamp\www\loja\app\Mage.php:684
[6] C:\wamp\www\loja\index.php:83
</pre>
2016-07-08T16:54:03+00:00 DEBUG (7): HEADERS ALREADY SENT: <pre>[0] C:\wamp\www\loja\app\code\core\Mage\Core\Controller\Response\Http.php:52
[1] C:\wamp\www\loja\lib\Zend\Controller\Response\Abstract.php:768
[2] C:\wamp\www\loja\app\code\core\Mage\Core\Controller\Response\Http.php:84
[3] C:\wamp\www\loja\app\code\core\Mage\Core\Controller\Varien\Front.php:184
[4] C:\wamp\www\loja\app\code\core\Mage\Core\Model\App.php:365
[5] C:\wamp\www\loja\app\Mage.php:684
[6] C:\wamp\www\loja\index.php:83
</pre>
2016-07-08T16:54:05+00:00 DEBUG (7): HEADERS ALREADY SENT: <pre>[0] C:\wamp\www\loja\app\code\core\Mage\Core\Controller\Response\Http.php:52
[1] C:\wamp\www\loja\lib\Zend\Controller\Response\Abstract.php:768
[2] C:\wamp\www\loja\app\code\core\Mage\Core\Controller\Response\Http.php:84
[3] C:\wamp\www\loja\app\code\core\Mage\Core\Controller\Varien\Front.php:184
[4] C:\wamp\www\loja\app\code\core\Mage\Core\Model\App.php:365
[5] C:\wamp\www\loja\app\Mage.php:684
[6] C:\wamp\www\loja\index.php:83
</pre>
2016-07-08T16:54:05+00:00 DEBUG (7): HEADERS ALREADY SENT: <pre>[0] C:\wamp\www\loja\app\code\core\Mage\Core\Controller\Response\Http.php:52
[1] C:\wamp\www\loja\lib\Zend\Controller\Response\Abstract.php:768
[2] C:\wamp\www\loja\app\code\core\Mage\Core\Controller\Response\Http.php:84
[3] C:\wamp\www\loja\app\code\core\Mage\Core\Controller\Varien\Front.php:184
[4] C:\wamp\www\loja\app\code\core\Mage\Core\Model\App.php:365
[5] C:\wamp\www\loja\app\Mage.php:684
[6] C:\wamp\www\loja\index.php:83
</pre>
2016-07-08T16:54:30+00:00 DEBUG (7): Security problem: catalog/product_special has not been whitelisted.
2016-07-08T16:55:17+00:00 DEBUG (7): Security problem: catalog/product_special has not been whitelisted.
2016-07-08T16:56:18+00:00 DEBUG (7): HEADERS ALREADY SENT: <pre>[0] C:\wamp\www\loja\app\code\core\Mage\Core\Controller\Response\Http.php:52
[1] C:\wamp\www\loja\lib\Zend\Controller\Response\Abstract.php:768
[2] C:\wamp\www\loja\app\code\core\Mage\Core\Controller\Response\Http.php:84
[3] C:\wamp\www\loja\app\code\core\Mage\Core\Controller\Varien\Front.php:184
[4] C:\wamp\www\loja\app\code\core\Mage\Core\Model\App.php:365
[5] C:\wamp\www\loja\app\Mage.php:684
[6] C:\wamp\www\loja\index.php:83
</pre>
2016-07-08T16:56:19+00:00 DEBUG (7): Security problem: catalog/product_special has not been whitelisted.
2016-07-08T16:56:19+00:00 DEBUG (7): HEADERS ALREADY SENT: <pre>[0] C:\wamp\www\loja\app\code\core\Mage\Core\Controller\Response\Http.php:52
[1] C:\wamp\www\loja\lib\Zend\Controller\Response\Abstract.php:768
[2] C:\wamp\www\loja\app\code\core\Mage\Core\Controller\Response\Http.php:84
[3] C:\wamp\www\loja\app\code\core\Mage\Core\Controller\Varien\Front.php:184
[4] C:\wamp\www\loja\app\code\core\Mage\Core\Model\App.php:365
[5] C:\wamp\www\loja\app\Mage.php:684
[6] C:\wamp\www\loja\index.php:83
</pre>
2016-07-08T16:56:22+00:00 DEBUG (7): HEADERS ALREADY SENT: <pre>[0] C:\wamp\www\loja\app\code\core\Mage\Core\Controller\Response\Http.php:52
[1] C:\wamp\www\loja\lib\Zend\Controller\Response\Abstract.php:768
[2] C:\wamp\www\loja\app\code\core\Mage\Core\Controller\Response\Http.php:84
[3] C:\wamp\www\loja\app\code\core\Mage\Core\Controller\Varien\Front.php:184
[4] C:\wamp\www\loja\app\code\core\Mage\Core\Model\App.php:365
[5] C:\wamp\www\loja\app\Mage.php:684
[6] C:\wamp\www\loja\index.php:83
</pre>
2016-07-08T16:56:23+00:00 DEBUG (7): HEADERS ALREADY SENT: <pre>[0] C:\wamp\www\loja\app\code\core\Mage\Core\Controller\Response\Http.php:52
[1] C:\wamp\www\loja\lib\Zend\Controller\Response\Abstract.php:768
[2] C:\wamp\www\loja\app\code\core\Mage\Core\Controller\Response\Http.php:84
[3] C:\wamp\www\loja\app\code\core\Mage\Core\Controller\Varien\Front.php:184
[4] C:\wamp\www\loja\app\code\core\Mage\Core\Model\App.php:365
[5] C:\wamp\www\loja\app\Mage.php:684
[6] C:\wamp\www\loja\index.php:83
</pre>
2016-07-08T16:56:24+00:00 DEBUG (7): HEADERS ALREADY SENT: <pre>[0] C:\wamp\www\loja\app\code\core\Mage\Core\Controller\Response\Http.php:52
[1] C:\wamp\www\loja\lib\Zend\Controller\Response\Abstract.php:768
[2] C:\wamp\www\loja\app\code\core\Mage\Core\Controller\Response\Http.php:84
[3] C:\wamp\www\loja\app\code\core\Mage\Core\Controller\Varien\Front.php:184
[4] C:\wamp\www\loja\app\code\core\Mage\Core\Model\App.php:365
[5] C:\wamp\www\loja\app\Mage.php:684
[6] C:\wamp\www\loja\index.php:83
</pre>
2016-07-08T16:56:25+00:00 DEBUG (7): HEADERS ALREADY SENT: <pre>[0] C:\wamp\www\loja\app\code\core\Mage\Core\Controller\Response\Http.php:52
[1] C:\wamp\www\loja\lib\Zend\Controller\Response\Abstract.php:768
[2] C:\wamp\www\loja\app\code\core\Mage\Core\Controller\Response\Http.php:84
[3] C:\wamp\www\loja\app\code\core\Mage\Core\Controller\Varien\Front.php:184
[4] C:\wamp\www\loja\app\code\core\Mage\Core\Model\App.php:365
[5] C:\wamp\www\loja\app\Mage.php:684
[6] C:\wamp\www\loja\index.php:83
</pre>
2016-07-08T16:56:27+00:00 DEBUG (7): HEADERS ALREADY SENT: <pre>[0] C:\wamp\www\loja\app\code\core\Mage\Core\Controller\Response\Http.php:52
[1] C:\wamp\www\loja\lib\Zend\Controller\Response\Abstract.php:768
[2] C:\wamp\www\loja\app\code\core\Mage\Core\Controller\Response\Http.php:84
[3] C:\wamp\www\loja\app\code\core\Mage\Core\Controller\Varien\Front.php:184
[4] C:\wamp\www\loja\app\code\core\Mage\Core\Model\App.php:365
[5] C:\wamp\www\loja\app\Mage.php:684
[6] C:\wamp\www\loja\index.php:83
</pre>
2016-07-08T16:57:12+00:00 DEBUG (7): Security problem: catalog/product_special has not been whitelisted.
2016-07-08T16:59:38+00:00 DEBUG (7): Security problem: catalog/product_special has not been whitelisted.
2016-07-08T16:59:45+00:00 DEBUG (7): Security problem: catalog/product_special has not been whitelisted.
2016-07-08T17:00:34+00:00 DEBUG (7): Security problem: catalog/product_special has not been whitelisted.
2016-07-08T17:01:02+00:00 DEBUG (7): Security problem: catalog/product_special has not been whitelisted.
2016-07-08T17:04:40+00:00 DEBUG (7): Security problem: catalog/product_special has not been whitelisted.
2016-07-08T18:22:52+00:00 DEBUG (7): HEADERS ALREADY SENT: <pre>[0] C:\wamp\www\loja\app\code\core\Mage\Core\Controller\Response\Http.php:52
[1] C:\wamp\www\loja\lib\Zend\Controller\Response\Abstract.php:768
[2] C:\wamp\www\loja\app\code\core\Mage\Core\Controller\Response\Http.php:84
[3] C:\wamp\www\loja\app\code\core\Mage\Core\Controller\Varien\Front.php:184
[4] C:\wamp\www\loja\app\code\core\Mage\Core\Model\App.php:365
[5] C:\wamp\www\loja\app\Mage.php:684
[6] C:\wamp\www\loja\index.php:83
</pre>
2016-07-08T18:22:54+00:00 DEBUG (7): HEADERS ALREADY SENT: <pre>[0] C:\wamp\www\loja\app\code\core\Mage\Core\Controller\Response\Http.php:52
[1] C:\wamp\www\loja\lib\Zend\Controller\Response\Abstract.php:768
[2] C:\wamp\www\loja\app\code\core\Mage\Core\Controller\Response\Http.php:84
[3] C:\wamp\www\loja\app\code\core\Mage\Core\Controller\Varien\Front.php:184
[4] C:\wamp\www\loja\app\code\core\Mage\Core\Model\App.php:365
[5] C:\wamp\www\loja\app\Mage.php:684
[6] C:\wamp\www\loja\index.php:83
</pre>
2016-07-08T18:25:05+00:00 DEBUG (7): Security problem: catalog/product_special has not been whitelisted.
2016-07-08T18:25:06+00:00 DEBUG (7): HEADERS ALREADY SENT: <pre>[0] C:\wamp\www\loja\app\code\core\Mage\Core\Controller\Response\Http.php:52
[1] C:\wamp\www\loja\lib\Zend\Controller\Response\Abstract.php:768
[2] C:\wamp\www\loja\app\code\core\Mage\Core\Controller\Response\Http.php:84
[3] C:\wamp\www\loja\app\code\core\Mage\Core\Controller\Varien\Front.php:184
[4] C:\wamp\www\loja\app\code\core\Mage\Core\Model\App.php:365
[5] C:\wamp\www\loja\app\Mage.php:684
[6] C:\wamp\www\loja\index.php:83
</pre>
2016-07-08T18:25:07+00:00 ERR (3): Warning: getimagesize(C:\wamp\www\loja\media\wysiwyg/blanco/dslide1.png): failed to open stream: No such file or directory  in C:\wamp\www\loja\lib\Varien\Image\Adapter\Abstract.php on line 87
2016-07-08T18:25:07+00:00 ERR (3): Warning: getimagesize(C:\wamp\www\loja\media\wysiwyg/blanco/dslide1.png): failed to open stream: No such file or directory  in C:\wamp\www\loja\lib\Varien\Image\Adapter\Gd2.php on line 91
2016-07-08T18:25:07+00:00 ERR (3): Warning: getimagesize(C:\wamp\www\loja\skin\adminhtml\default\blanco\images/wysiwyg/skin_image.png): failed to open stream: No such file or directory  in C:\wamp\www\loja\lib\Varien\Image\Adapter\Abstract.php on line 87
2016-07-08T18:25:07+00:00 ERR (3): Warning: getimagesize(C:\wamp\www\loja\skin\adminhtml\default\blanco\images/wysiwyg/skin_image.png): failed to open stream: No such file or directory  in C:\wamp\www\loja\lib\Varien\Image\Adapter\Gd2.php on line 91
2016-07-08T18:25:10+00:00 ERR (3): Warning: getimagesize(C:\wamp\www\loja\media\wysiwyg/blanco/dslide2.png): failed to open stream: No such file or directory  in C:\wamp\www\loja\lib\Varien\Image\Adapter\Abstract.php on line 87
2016-07-08T18:25:10+00:00 ERR (3): Warning: getimagesize(C:\wamp\www\loja\media\wysiwyg/blanco/dslide2.png): failed to open stream: No such file or directory  in C:\wamp\www\loja\lib\Varien\Image\Adapter\Gd2.php on line 91
2016-07-08T18:25:10+00:00 ERR (3): Warning: getimagesize(C:\wamp\www\loja\skin\adminhtml\default\blanco\images/wysiwyg/skin_image.png): failed to open stream: No such file or directory  in C:\wamp\www\loja\lib\Varien\Image\Adapter\Abstract.php on line 87
2016-07-08T18:25:10+00:00 ERR (3): Warning: getimagesize(C:\wamp\www\loja\skin\adminhtml\default\blanco\images/wysiwyg/skin_image.png): failed to open stream: No such file or directory  in C:\wamp\www\loja\lib\Varien\Image\Adapter\Gd2.php on line 91
2016-07-08T18:25:11+00:00 ERR (3): Warning: getimagesize(C:\wamp\www\loja\media\wysiwyg/blanco/dslide3.png): failed to open stream: No such file or directory  in C:\wamp\www\loja\lib\Varien\Image\Adapter\Abstract.php on line 87
2016-07-08T18:25:11+00:00 ERR (3): Warning: getimagesize(C:\wamp\www\loja\media\wysiwyg/blanco/dslide3.png): failed to open stream: No such file or directory  in C:\wamp\www\loja\lib\Varien\Image\Adapter\Gd2.php on line 91
2016-07-08T18:25:11+00:00 ERR (3): Warning: getimagesize(C:\wamp\www\loja\skin\adminhtml\default\blanco\images/wysiwyg/skin_image.png): failed to open stream: No such file or directory  in C:\wamp\www\loja\lib\Varien\Image\Adapter\Abstract.php on line 87
2016-07-08T18:25:11+00:00 ERR (3): Warning: getimagesize(C:\wamp\www\loja\skin\adminhtml\default\blanco\images/wysiwyg/skin_image.png): failed to open stream: No such file or directory  in C:\wamp\www\loja\lib\Varien\Image\Adapter\Gd2.php on line 91
2016-07-08T18:25:13+00:00 DEBUG (7): HEADERS ALREADY SENT: <pre>[0] C:\wamp\www\loja\app\code\core\Mage\Core\Controller\Response\Http.php:52
[1] C:\wamp\www\loja\lib\Zend\Controller\Response\Abstract.php:768
[2] C:\wamp\www\loja\app\code\core\Mage\Core\Controller\Response\Http.php:84
[3] C:\wamp\www\loja\app\code\core\Mage\Core\Controller\Varien\Front.php:184
[4] C:\wamp\www\loja\app\code\core\Mage\Core\Model\App.php:365
[5] C:\wamp\www\loja\app\Mage.php:684
[6] C:\wamp\www\loja\index.php:83
</pre>
2016-07-08T18:25:15+00:00 DEBUG (7): HEADERS ALREADY SENT: <pre>[0] C:\wamp\www\loja\app\code\core\Mage\Core\Controller\Response\Http.php:52
[1] C:\wamp\www\loja\lib\Zend\Controller\Response\Abstract.php:768
[2] C:\wamp\www\loja\app\code\core\Mage\Core\Controller\Response\Http.php:84
[3] C:\wamp\www\loja\app\code\core\Mage\Core\Controller\Varien\Front.php:184
[4] C:\wamp\www\loja\app\code\core\Mage\Core\Model\App.php:365
[5] C:\wamp\www\loja\app\Mage.php:684
[6] C:\wamp\www\loja\index.php:83
</pre>
2016-07-08T18:25:16+00:00 DEBUG (7): HEADERS ALREADY SENT: <pre>[0] C:\wamp\www\loja\app\code\core\Mage\Core\Controller\Response\Http.php:52
[1] C:\wamp\www\loja\lib\Zend\Controller\Response\Abstract.php:768
[2] C:\wamp\www\loja\app\code\core\Mage\Core\Controller\Response\Http.php:84
[3] C:\wamp\www\loja\app\code\core\Mage\Core\Controller\Varien\Front.php:184
[4] C:\wamp\www\loja\app\code\core\Mage\Core\Model\App.php:365
[5] C:\wamp\www\loja\app\Mage.php:684
[6] C:\wamp\www\loja\index.php:83
</pre>
2016-07-08T18:25:42+00:00 DEBUG (7): Security problem: catalog/product_special has not been whitelisted.
2016-07-08T18:25:46+00:00 DEBUG (7): HEADERS ALREADY SENT: <pre>[0] C:\wamp\www\loja\app\code\core\Mage\Core\Controller\Response\Http.php:52
[1] C:\wamp\www\loja\lib\Zend\Controller\Response\Abstract.php:768
[2] C:\wamp\www\loja\app\code\core\Mage\Core\Controller\Response\Http.php:84
[3] C:\wamp\www\loja\app\code\core\Mage\Core\Controller\Varien\Front.php:184
[4] C:\wamp\www\loja\app\code\core\Mage\Core\Model\App.php:365
[5] C:\wamp\www\loja\app\Mage.php:684
[6] C:\wamp\www\loja\index.php:83
</pre>
2016-07-08T18:25:48+00:00 DEBUG (7): HEADERS ALREADY SENT: <pre>[0] C:\wamp\www\loja\app\code\core\Mage\Core\Controller\Response\Http.php:52
[1] C:\wamp\www\loja\lib\Zend\Controller\Response\Abstract.php:768
[2] C:\wamp\www\loja\app\code\core\Mage\Core\Controller\Response\Http.php:84
[3] C:\wamp\www\loja\app\code\core\Mage\Core\Controller\Varien\Front.php:184
[4] C:\wamp\www\loja\app\code\core\Mage\Core\Model\App.php:365
[5] C:\wamp\www\loja\app\Mage.php:684
[6] C:\wamp\www\loja\index.php:83
</pre>
2016-07-08T18:25:49+00:00 DEBUG (7): HEADERS ALREADY SENT: <pre>[0] C:\wamp\www\loja\app\code\core\Mage\Core\Controller\Response\Http.php:52
[1] C:\wamp\www\loja\lib\Zend\Controller\Response\Abstract.php:768
[2] C:\wamp\www\loja\app\code\core\Mage\Core\Controller\Response\Http.php:84
[3] C:\wamp\www\loja\app\code\core\Mage\Core\Controller\Varien\Front.php:184
[4] C:\wamp\www\loja\app\code\core\Mage\Core\Model\App.php:365
[5] C:\wamp\www\loja\app\Mage.php:684
[6] C:\wamp\www\loja\index.php:83
</pre>
2016-07-08T18:25:50+00:00 DEBUG (7): HEADERS ALREADY SENT: <pre>[0] C:\wamp\www\loja\app\code\core\Mage\Core\Controller\Response\Http.php:52
[1] C:\wamp\www\loja\lib\Zend\Controller\Response\Abstract.php:768
[2] C:\wamp\www\loja\app\code\core\Mage\Core\Controller\Response\Http.php:84
[3] C:\wamp\www\loja\app\code\core\Mage\Core\Controller\Varien\Front.php:184
[4] C:\wamp\www\loja\app\code\core\Mage\Core\Model\App.php:365
[5] C:\wamp\www\loja\app\Mage.php:684
[6] C:\wamp\www\loja\index.php:83
</pre>
2016-07-08T18:25:53+00:00 DEBUG (7): HEADERS ALREADY SENT: <pre>[0] C:\wamp\www\loja\app\code\core\Mage\Core\Controller\Response\Http.php:52
[1] C:\wamp\www\loja\lib\Zend\Controller\Response\Abstract.php:768
[2] C:\wamp\www\loja\app\code\core\Mage\Core\Controller\Response\Http.php:84
[3] C:\wamp\www\loja\app\code\core\Mage\Core\Controller\Varien\Front.php:184
[4] C:\wamp\www\loja\app\code\core\Mage\Core\Model\App.php:365
[5] C:\wamp\www\loja\app\Mage.php:684
[6] C:\wamp\www\loja\index.php:83
</pre>
2016-07-08T18:25:54+00:00 DEBUG (7): HEADERS ALREADY SENT: <pre>[0] C:\wamp\www\loja\app\code\core\Mage\Core\Controller\Response\Http.php:52
[1] C:\wamp\www\loja\lib\Zend\Controller\Response\Abstract.php:768
[2] C:\wamp\www\loja\app\code\core\Mage\Core\Controller\Response\Http.php:84
[3] C:\wamp\www\loja\app\code\core\Mage\Core\Controller\Varien\Front.php:184
[4] C:\wamp\www\loja\app\code\core\Mage\Core\Model\App.php:365
[5] C:\wamp\www\loja\app\Mage.php:684
[6] C:\wamp\www\loja\index.php:83
</pre>
2016-07-08T18:25:55+00:00 DEBUG (7): HEADERS ALREADY SENT: <pre>[0] C:\wamp\www\loja\app\code\core\Mage\Core\Controller\Response\Http.php:52
[1] C:\wamp\www\loja\lib\Zend\Controller\Response\Abstract.php:768
[2] C:\wamp\www\loja\app\code\core\Mage\Core\Controller\Response\Http.php:84
[3] C:\wamp\www\loja\app\code\core\Mage\Core\Controller\Varien\Front.php:184
[4] C:\wamp\www\loja\app\code\core\Mage\Core\Model\App.php:365
[5] C:\wamp\www\loja\app\Mage.php:684
[6] C:\wamp\www\loja\index.php:83
</pre>
2016-07-08T18:42:05+00:00 DEBUG (7): Security problem: catalog/product_special has not been whitelisted.
2016-07-08T18:42:14+00:00 DEBUG (7): Security problem: catalog/product_special has not been whitelisted.
2016-07-08T18:42:19+00:00 DEBUG (7): HEADERS ALREADY SENT: <pre>[0] C:\wamp\www\loja\app\code\core\Mage\Core\Controller\Response\Http.php:52
[1] C:\wamp\www\loja\lib\Zend\Controller\Response\Abstract.php:768
[2] C:\wamp\www\loja\app\code\core\Mage\Core\Controller\Response\Http.php:84
[3] C:\wamp\www\loja\app\code\core\Mage\Core\Controller\Varien\Front.php:184
[4] C:\wamp\www\loja\app\code\core\Mage\Core\Model\App.php:365
[5] C:\wamp\www\loja\app\Mage.php:684
[6] C:\wamp\www\loja\index.php:83
</pre>
2016-07-08T18:42:21+00:00 DEBUG (7): HEADERS ALREADY SENT: <pre>[0] C:\wamp\www\loja\app\code\core\Mage\Core\Controller\Response\Http.php:52
[1] C:\wamp\www\loja\lib\Zend\Controller\Response\Abstract.php:768
[2] C:\wamp\www\loja\app\code\core\Mage\Core\Controller\Response\Http.php:84
[3] C:\wamp\www\loja\app\code\core\Mage\Core\Controller\Varien\Front.php:184
[4] C:\wamp\www\loja\app\code\core\Mage\Core\Model\App.php:365
[5] C:\wamp\www\loja\app\Mage.php:684
[6] C:\wamp\www\loja\index.php:83
</pre>
2016-07-08T18:42:22+00:00 DEBUG (7): HEADERS ALREADY SENT: <pre>[0] C:\wamp\www\loja\app\code\core\Mage\Core\Controller\Response\Http.php:52
[1] C:\wamp\www\loja\lib\Zend\Controller\Response\Abstract.php:768
[2] C:\wamp\www\loja\app\code\core\Mage\Core\Controller\Response\Http.php:84
[3] C:\wamp\www\loja\app\code\core\Mage\Core\Controller\Varien\Front.php:184
[4] C:\wamp\www\loja\app\code\core\Mage\Core\Model\App.php:365
[5] C:\wamp\www\loja\app\Mage.php:684
[6] C:\wamp\www\loja\index.php:83
</pre>
2016-07-08T18:42:23+00:00 DEBUG (7): HEADERS ALREADY SENT: <pre>[0] C:\wamp\www\loja\app\code\core\Mage\Core\Controller\Response\Http.php:52
[1] C:\wamp\www\loja\lib\Zend\Controller\Response\Abstract.php:768
[2] C:\wamp\www\loja\app\code\core\Mage\Core\Controller\Response\Http.php:84
[3] C:\wamp\www\loja\app\code\core\Mage\Core\Controller\Varien\Front.php:184
[4] C:\wamp\www\loja\app\code\core\Mage\Core\Model\App.php:365
[5] C:\wamp\www\loja\app\Mage.php:684
[6] C:\wamp\www\loja\index.php:83
</pre>
2016-07-08T18:42:24+00:00 DEBUG (7): HEADERS ALREADY SENT: <pre>[0] C:\wamp\www\loja\app\code\core\Mage\Core\Controller\Response\Http.php:52
[1] C:\wamp\www\loja\lib\Zend\Controller\Response\Abstract.php:768
[2] C:\wamp\www\loja\app\code\core\Mage\Core\Controller\Response\Http.php:84
[3] C:\wamp\www\loja\app\code\core\Mage\Core\Controller\Varien\Front.php:184
[4] C:\wamp\www\loja\app\code\core\Mage\Core\Model\App.php:365
[5] C:\wamp\www\loja\app\Mage.php:684
[6] C:\wamp\www\loja\index.php:83
</pre>
2016-07-08T18:51:02+00:00 CRIT (2): Not valid template file:frontend\base\default\template\configurableswatches/catalog/layer/filter/swatches.phtml
2016-07-08T18:51:14+00:00 ERR (3): Notice: Undefined variable: tab  in C:\wamp\www\loja\app\design\frontend\default\blanco\template\catalog\product\view\tabs.phtml on line 8
2016-07-08T20:00:46+00:00 ERR (3): Notice: Undefined variable: tab  in C:\wamp\www\loja\app\design\frontend\default\blanco\template\catalog\product\view\tabs.phtml on line 8
2016-07-08T20:00:51+00:00 DEBUG (7): Security problem: catalog/product_special has not been whitelisted.
2016-07-08T20:03:25+00:00 CRIT (2): Not valid template file:frontend\base\default\template\configurableswatches/catalog/layer/filter/swatches.phtml
2016-07-08T20:03:42+00:00 ERR (3): Notice: Undefined variable: tab  in C:\wamp\www\loja\app\design\frontend\default\blanco\template\catalog\product\view\tabs.phtml on line 8
2016-07-08T20:04:04+00:00 DEBUG (7): Security problem: catalog/product_special has not been whitelisted.
2016-07-08T20:05:11+00:00 CRIT (2): Not valid template file:frontend\base\default\template\configurableswatches/catalog/layer/filter/swatches.phtml
2016-07-08T20:05:38+00:00 ERR (3): Notice: Undefined variable: tab  in C:\wamp\www\loja\app\design\frontend\default\blanco\template\catalog\product\view\tabs.phtml on line 8
2016-07-08T20:06:43+00:00 ERR (3): Notice: Undefined index: isAjax  in C:\wamp\www\loja\app\design\frontend\default\blanco\template\checkout\cart\sidebar\default.phtml on line 15
2016-07-08T20:07:57+00:00 ERR (3): Notice: Undefined index: isAjax  in C:\wamp\www\loja\app\design\frontend\default\blanco\template\checkout\cart\sidebar\default.phtml on line 15
2016-07-08T20:08:13+00:00 ERR (3): Notice: Undefined index: isAjax  in C:\wamp\www\loja\app\design\frontend\default\blanco\template\checkout\cart\sidebar\default.phtml on line 15
2016-07-08T20:08:13+00:00 DEBUG (7): Security problem: catalog/product_special has not been whitelisted.
2016-07-08T20:28:32+00:00 ERR (3): Notice: Undefined index: isAjax  in C:\wamp\www\loja\app\design\frontend\default\blanco\template\checkout\cart\sidebar\default.phtml on line 15
2016-07-08T20:28:33+00:00 DEBUG (7): Security problem: catalog/product_special has not been whitelisted.w
2016-07-11T13:49:12+00:00 DEBUG (7): Security problem: catalog/product_special has not been whitelisted.
2016-07-11T13:52:38+00:00 DEBUG (7): Security problem: catalog/product_special has not been whitelisted.
2016-07-11T13:57:15+00:00 DEBUG (7): HEADERS ALREADY SENT: <pre>[0] C:\wamp\www\loja\app\code\core\Mage\Core\Controller\Response\Http.php:52
[1] C:\wamp\www\loja\lib\Zend\Controller\Response\Abstract.php:768
[2] C:\wamp\www\loja\app\code\core\Mage\Core\Controller\Response\Http.php:84
[3] C:\wamp\www\loja\app\code\core\Mage\Core\Controller\Varien\Front.php:184
[4] C:\wamp\www\loja\app\code\core\Mage\Core\Model\App.php:365
[5] C:\wamp\www\loja\app\Mage.php:684
[6] C:\wamp\www\loja\index.php:83
</pre>
2016-07-11T13:57:16+00:00 DEBUG (7): HEADERS ALREADY SENT: <pre>[0] C:\wamp\www\loja\app\code\core\Mage\Core\Controller\Response\Http.php:52
[1] C:\wamp\www\loja\lib\Zend\Controller\Response\Abstract.php:768
[2] C:\wamp\www\loja\app\code\core\Mage\Core\Controller\Response\Http.php:84
[3] C:\wamp\www\loja\app\code\core\Mage\Core\Controller\Varien\Front.php:184
[4] C:\wamp\www\loja\app\code\core\Mage\Core\Model\App.php:365
[5] C:\wamp\www\loja\app\Mage.php:684
[6] C:\wamp\www\loja\index.php:83
</pre>
2016-07-11T13:57:18+00:00 DEBUG (7): HEADERS ALREADY SENT: <pre>[0] C:\wamp\www\loja\app\code\core\Mage\Core\Controller\Response\Http.php:52
[1] C:\wamp\www\loja\lib\Zend\Controller\Response\Abstract.php:768
[2] C:\wamp\www\loja\app\code\core\Mage\Core\Controller\Response\Http.php:84
[3] C:\wamp\www\loja\app\code\core\Mage\Core\Controller\Varien\Front.php:184
[4] C:\wamp\www\loja\app\code\core\Mage\Core\Model\App.php:365
[5] C:\wamp\www\loja\app\Mage.php:684
[6] C:\wamp\www\loja\index.php:83
</pre>
2016-07-11T13:57:20+00:00 DEBUG (7): HEADERS ALREADY SENT: <pre>[0] C:\wamp\www\loja\app\code\core\Mage\Core\Controller\Response\Http.php:52
[1] C:\wamp\www\loja\lib\Zend\Controller\Response\Abstract.php:768
[2] C:\wamp\www\loja\app\code\core\Mage\Core\Controller\Response\Http.php:84
[3] C:\wamp\www\loja\app\code\core\Mage\Core\Controller\Varien\Front.php:184
[4] C:\wamp\www\loja\app\code\core\Mage\Core\Model\App.php:365
[5] C:\wamp\www\loja\app\Mage.php:684
[6] C:\wamp\www\loja\index.php:83
</pre>
2016-07-11T13:57:21+00:00 DEBUG (7): HEADERS ALREADY SENT: <pre>[0] C:\wamp\www\loja\app\code\core\Mage\Core\Controller\Response\Http.php:52
[1] C:\wamp\www\loja\lib\Zend\Controller\Response\Abstract.php:768
[2] C:\wamp\www\loja\app\code\core\Mage\Core\Controller\Response\Http.php:84
[3] C:\wamp\www\loja\app\code\core\Mage\Core\Controller\Varien\Front.php:184
[4] C:\wamp\www\loja\app\code\core\Mage\Core\Model\App.php:365
[5] C:\wamp\www\loja\app\Mage.php:684
[6] C:\wamp\www\loja\index.php:83
</pre>
2016-07-11T13:59:19+00:00 DEBUG (7): Security problem: catalog/product_special has not been whitelisted.
2016-07-11T14:00:34+00:00 DEBUG (7): HEADERS ALREADY SENT: <pre>[0] C:\wamp\www\loja\app\code\core\Mage\Core\Controller\Response\Http.php:52
[1] C:\wamp\www\loja\lib\Zend\Controller\Response\Abstract.php:768
[2] C:\wamp\www\loja\app\code\core\Mage\Core\Controller\Response\Http.php:84
[3] C:\wamp\www\loja\app\code\core\Mage\Core\Controller\Varien\Front.php:184
[4] C:\wamp\www\loja\app\code\core\Mage\Core\Model\App.php:365
[5] C:\wamp\www\loja\app\Mage.php:684
[6] C:\wamp\www\loja\index.php:83
</pre>
2016-07-11T14:00:35+00:00 DEBUG (7): HEADERS ALREADY SENT: <pre>[0] C:\wamp\www\loja\app\code\core\Mage\Core\Controller\Response\Http.php:52
[1] C:\wamp\www\loja\lib\Zend\Controller\Response\Abstract.php:768
[2] C:\wamp\www\loja\app\code\core\Mage\Core\Controller\Response\Http.php:84
[3] C:\wamp\www\loja\app\code\core\Mage\Core\Controller\Varien\Front.php:184
[4] C:\wamp\www\loja\app\code\core\Mage\Core\Model\App.php:365
[5] C:\wamp\www\loja\app\Mage.php:684
[6] C:\wamp\www\loja\index.php:83
</pre>
2016-07-11T14:00:37+00:00 DEBUG (7): Security problem: catalog/product_slide has not been whitelisted.
2016-07-11T14:00:37+00:00 DEBUG (7): Security problem: catalog/product_special has not been whitelisted.
2016-07-11T14:00:38+00:00 DEBUG (7): HEADERS ALREADY SENT: <pre>[0] C:\wamp\www\loja\app\code\core\Mage\Core\Controller\Response\Http.php:52
[1] C:\wamp\www\loja\lib\Zend\Controller\Response\Abstract.php:768
[2] C:\wamp\www\loja\app\code\core\Mage\Core\Controller\Response\Http.php:84
[3] C:\wamp\www\loja\app\code\core\Mage\Core\Controller\Varien\Front.php:184
[4] C:\wamp\www\loja\app\code\core\Mage\Core\Model\App.php:365
[5] C:\wamp\www\loja\app\Mage.php:684
[6] C:\wamp\www\loja\index.php:83
</pre>
2016-07-11T14:00:40+00:00 DEBUG (7): HEADERS ALREADY SENT: <pre>[0] C:\wamp\www\loja\app\code\core\Mage\Core\Controller\Response\Http.php:52
[1] C:\wamp\www\loja\lib\Zend\Controller\Response\Abstract.php:768
[2] C:\wamp\www\loja\app\code\core\Mage\Core\Controller\Response\Http.php:84
[3] C:\wamp\www\loja\app\code\core\Mage\Core\Controller\Varien\Front.php:184
[4] C:\wamp\www\loja\app\code\core\Mage\Core\Model\App.php:365
[5] C:\wamp\www\loja\app\Mage.php:684
[6] C:\wamp\www\loja\index.php:83
</pre>
2016-07-11T14:00:40+00:00 DEBUG (7): HEADERS ALREADY SENT: <pre>[0] C:\wamp\www\loja\app\code\core\Mage\Core\Controller\Response\Http.php:52
[1] C:\wamp\www\loja\lib\Zend\Controller\Response\Abstract.php:768
[2] C:\wamp\www\loja\app\code\core\Mage\Core\Controller\Response\Http.php:84
[3] C:\wamp\www\loja\app\code\core\Mage\Core\Controller\Varien\Front.php:184
[4] C:\wamp\www\loja\app\code\core\Mage\Core\Model\App.php:365
[5] C:\wamp\www\loja\app\Mage.php:684
[6] C:\wamp\www\loja\index.php:83
</pre>
2016-07-11T14:01:03+00:00 DEBUG (7): Security problem: catalog/product_slide has not been whitelisted.
2016-07-11T14:01:03+00:00 DEBUG (7): Security problem: catalog/product_special has not been whitelisted.
2016-07-11T14:01:45+00:00 DEBUG (7): HEADERS ALREADY SENT: <pre>[0] C:\wamp\www\loja\app\code\core\Mage\Core\Controller\Response\Http.php:52
[1] C:\wamp\www\loja\lib\Zend\Controller\Response\Abstract.php:768
[2] C:\wamp\www\loja\app\code\core\Mage\Core\Controller\Response\Http.php:84
[3] C:\wamp\www\loja\app\code\core\Mage\Core\Controller\Varien\Front.php:184
[4] C:\wamp\www\loja\app\code\core\Mage\Core\Model\App.php:365
[5] C:\wamp\www\loja\app\Mage.php:684
[6] C:\wamp\www\loja\index.php:83
</pre>
2016-07-11T14:01:45+00:00 DEBUG (7): HEADERS ALREADY SENT: <pre>[0] C:\wamp\www\loja\app\code\core\Mage\Core\Controller\Response\Http.php:52
[1] C:\wamp\www\loja\lib\Zend\Controller\Response\Abstract.php:768
[2] C:\wamp\www\loja\app\code\core\Mage\Core\Controller\Response\Http.php:84
[3] C:\wamp\www\loja\app\code\core\Mage\Core\Controller\Varien\Front.php:184
[4] C:\wamp\www\loja\app\code\core\Mage\Core\Model\App.php:365
[5] C:\wamp\www\loja\app\Mage.php:684
[6] C:\wamp\www\loja\index.php:83
</pre>
2016-07-11T14:01:47+00:00 DEBUG (7): Security problem: catalog/product_slide has not been whitelisted.
2016-07-11T14:01:47+00:00 DEBUG (7): Security problem: catalog/product_special has not been whitelisted.
2016-07-11T14:01:51+00:00 DEBUG (7): HEADERS ALREADY SENT: <pre>[0] C:\wamp\www\loja\app\code\core\Mage\Core\Controller\Response\Http.php:52
[1] C:\wamp\www\loja\lib\Zend\Controller\Response\Abstract.php:768
[2] C:\wamp\www\loja\app\code\core\Mage\Core\Controller\Response\Http.php:84
[3] C:\wamp\www\loja\app\code\core\Mage\Core\Controller\Varien\Front.php:184
[4] C:\wamp\www\loja\app\code\core\Mage\Core\Model\App.php:365
[5] C:\wamp\www\loja\app\Mage.php:684
[6] C:\wamp\www\loja\index.php:83
</pre>
2016-07-11T14:01:52+00:00 DEBUG (7): HEADERS ALREADY SENT: <pre>[0] C:\wamp\www\loja\app\code\core\Mage\Core\Controller\Response\Http.php:52
[1] C:\wamp\www\loja\lib\Zend\Controller\Response\Abstract.php:768
[2] C:\wamp\www\loja\app\code\core\Mage\Core\Controller\Response\Http.php:84
[3] C:\wamp\www\loja\app\code\core\Mage\Core\Controller\Varien\Front.php:184
[4] C:\wamp\www\loja\app\code\core\Mage\Core\Model\App.php:365
[5] C:\wamp\www\loja\app\Mage.php:684
[6] C:\wamp\www\loja\index.php:83
</pre>
2016-07-11T14:01:53+00:00 DEBUG (7): HEADERS ALREADY SENT: <pre>[0] C:\wamp\www\loja\app\code\core\Mage\Core\Controller\Response\Http.php:52
[1] C:\wamp\www\loja\lib\Zend\Controller\Response\Abstract.php:768
[2] C:\wamp\www\loja\app\code\core\Mage\Core\Controller\Response\Http.php:84
[3] C:\wamp\www\loja\app\code\core\Mage\Core\Controller\Varien\Front.php:184
[4] C:\wamp\www\loja\app\code\core\Mage\Core\Model\App.php:365
[5] C:\wamp\www\loja\app\Mage.php:684
[6] C:\wamp\www\loja\index.php:83
</pre>
2016-07-11T14:01:58+00:00 DEBUG (7): HEADERS ALREADY SENT: <pre>[0] C:\wamp\www\loja\app\code\core\Mage\Core\Controller\Response\Http.php:52
[1] C:\wamp\www\loja\lib\Zend\Controller\Response\Abstract.php:768
[2] C:\wamp\www\loja\app\code\core\Mage\Core\Controller\Response\Http.php:84
[3] C:\wamp\www\loja\app\code\core\Mage\Core\Controller\Varien\Front.php:184
[4] C:\wamp\www\loja\app\code\core\Mage\Core\Model\App.php:365
[5] C:\wamp\www\loja\app\Mage.php:684
[6] C:\wamp\www\loja\index.php:83
</pre>
2016-07-11T14:01:59+00:00 DEBUG (7): Security problem: catalog/product_slide has not been whitelisted.
2016-07-11T14:01:59+00:00 DEBUG (7): Security problem: catalog/product_special has not been whitelisted.
2016-07-11T14:01:59+00:00 DEBUG (7): HEADERS ALREADY SENT: <pre>[0] C:\wamp\www\loja\app\code\core\Mage\Core\Controller\Response\Http.php:52
[1] C:\wamp\www\loja\lib\Zend\Controller\Response\Abstract.php:768
[2] C:\wamp\www\loja\app\code\core\Mage\Core\Controller\Response\Http.php:84
[3] C:\wamp\www\loja\app\code\core\Mage\Core\Controller\Varien\Front.php:184
[4] C:\wamp\www\loja\app\code\core\Mage\Core\Model\App.php:365
[5] C:\wamp\www\loja\app\Mage.php:684
[6] C:\wamp\www\loja\index.php:83
</pre>
2016-07-11T14:02:01+00:00 DEBUG (7): HEADERS ALREADY SENT: <pre>[0] C:\wamp\www\loja\app\code\core\Mage\Core\Controller\Response\Http.php:52
[1] C:\wamp\www\loja\lib\Zend\Controller\Response\Abstract.php:768
[2] C:\wamp\www\loja\app\code\core\Mage\Core\Controller\Response\Http.php:84
[3] C:\wamp\www\loja\app\code\core\Mage\Core\Controller\Varien\Front.php:184
[4] C:\wamp\www\loja\app\code\core\Mage\Core\Model\App.php:365
[5] C:\wamp\www\loja\app\Mage.php:684
[6] C:\wamp\www\loja\index.php:83
</pre>
2016-07-11T14:02:02+00:00 DEBUG (7): HEADERS ALREADY SENT: <pre>[0] C:\wamp\www\loja\app\code\core\Mage\Core\Controller\Response\Http.php:52
[1] C:\wamp\www\loja\lib\Zend\Controller\Response\Abstract.php:768
[2] C:\wamp\www\loja\app\code\core\Mage\Core\Controller\Response\Http.php:84
[3] C:\wamp\www\loja\app\code\core\Mage\Core\Controller\Varien\Front.php:184
[4] C:\wamp\www\loja\app\code\core\Mage\Core\Model\App.php:365
[5] C:\wamp\www\loja\app\Mage.php:684
[6] C:\wamp\www\loja\index.php:83
</pre>
2016-07-11T14:02:03+00:00 DEBUG (7): HEADERS ALREADY SENT: <pre>[0] C:\wamp\www\loja\app\code\core\Mage\Core\Controller\Response\Http.php:52
[1] C:\wamp\www\loja\lib\Zend\Controller\Response\Abstract.php:768
[2] C:\wamp\www\loja\app\code\core\Mage\Core\Controller\Response\Http.php:84
[3] C:\wamp\www\loja\app\code\core\Mage\Core\Controller\Varien\Front.php:184
[4] C:\wamp\www\loja\app\code\core\Mage\Core\Model\App.php:365
[5] C:\wamp\www\loja\app\Mage.php:684
[6] C:\wamp\www\loja\index.php:83
</pre>
